{"F:\\Downloads\\Kalinga\\kalinga\\client\\src\\services\\aiService.js": {"path":"F:\\Downloads\\Kalinga\\kalinga\\client\\src\\services\\aiService.js","statementMap":{"0":{"start":{"line":5,"column":14},"end":{"line":5,"column":16}},"1":{"start":{"line":8,"column":2},"end":{"line":20,"column":3}},"2":{"start":{"line":9,"column":18},"end":{"line":9,"column":31}},"3":{"start":{"line":10,"column":21},"end":{"line":10,"column":39}},"4":{"start":{"line":11,"column":22},"end":{"line":11,"column":40}},"5":{"start":{"line":13,"column":4},"end":{"line":19,"column":5}},"6":{"start":{"line":14,"column":6},"end":{"line":14,"column":18}},"7":{"start":{"line":15,"column":11},"end":{"line":19,"column":5}},"8":{"start":{"line":16,"column":6},"end":{"line":16,"column":18}},"9":{"start":{"line":17,"column":11},"end":{"line":19,"column":5}},"10":{"start":{"line":18,"column":6},"end":{"line":18,"column":18}},"11":{"start":{"line":23,"column":14},"end":{"line":23,"column":34}},"12":{"start":{"line":24,"column":2},"end":{"line":30,"column":3}},"13":{"start":{"line":25,"column":4},"end":{"line":29,"column":5}},"14":{"start":{"line":26,"column":6},"end":{"line":26,"column":17}},"15":{"start":{"line":27,"column":11},"end":{"line":29,"column":5}},"16":{"start":{"line":28,"column":6},"end":{"line":28,"column":17}},"17":{"start":{"line":33,"column":2},"end":{"line":33,"column":59}},"18":{"start":{"line":33,"column":47},"end":{"line":33,"column":59}},"19":{"start":{"line":34,"column":2},"end":{"line":34,"column":53}},"20":{"start":{"line":34,"column":41},"end":{"line":34,"column":53}},"21":{"start":{"line":35,"column":2},"end":{"line":35,"column":55}},"22":{"start":{"line":35,"column":44},"end":{"line":35,"column":55}},"23":{"start":{"line":36,"column":2},"end":{"line":36,"column":54}},"24":{"start":{"line":36,"column":43},"end":{"line":36,"column":54}},"25":{"start":{"line":37,"column":2},"end":{"line":37,"column":55}},"26":{"start":{"line":37,"column":43},"end":{"line":37,"column":55}},"27":{"start":{"line":38,"column":2},"end":{"line":38,"column":54}},"28":{"start":{"line":38,"column":43},"end":{"line":38,"column":54}},"29":{"start":{"line":39,"column":2},"end":{"line":39,"column":50}},"30":{"start":{"line":39,"column":39},"end":{"line":39,"column":50}},"31":{"start":{"line":42,"column":2},"end":{"line":42,"column":29}},"32":{"start":{"line":42,"column":18},"end":{"line":42,"column":29}},"33":{"start":{"line":43,"column":2},"end":{"line":43,"column":27}},"34":{"start":{"line":43,"column":17},"end":{"line":43,"column":27}},"35":{"start":{"line":45,"column":2},"end":{"line":45,"column":27}},"36":{"start":{"line":48,"column":25},"end":{"line":138,"column":1}},"37":{"start":{"line":50,"column":4},"end":{"line":56,"column":5}},"38":{"start":{"line":51,"column":6},"end":{"line":55,"column":7}},"39":{"start":{"line":52,"column":8},"end":{"line":52,"column":51}},"40":{"start":{"line":54,"column":8},"end":{"line":54,"column":91}},"41":{"start":{"line":59,"column":20},"end":{"line":59,"column":86}},"42":{"start":{"line":60,"column":20},"end":{"line":60,"column":59}},"43":{"start":{"line":61,"column":18},"end":{"line":66,"column":5}},"44":{"start":{"line":68,"column":24},"end":{"line":68,"column":32}},"45":{"start":{"line":69,"column":31},"end":{"line":69,"column":36}},"46":{"start":{"line":71,"column":4},"end":{"line":77,"column":5}},"47":{"start":{"line":72,"column":6},"end":{"line":72,"column":40}},"48":{"start":{"line":73,"column":6},"end":{"line":73,"column":36}},"49":{"start":{"line":74,"column":11},"end":{"line":77,"column":5}},"50":{"start":{"line":75,"column":6},"end":{"line":75,"column":32}},"51":{"start":{"line":76,"column":6},"end":{"line":76,"column":40}},"52":{"start":{"line":80,"column":33},"end":{"line":80,"column":46}},"53":{"start":{"line":81,"column":4},"end":{"line":90,"column":5}},"54":{"start":{"line":82,"column":22},"end":{"line":82,"column":47}},"55":{"start":{"line":83,"column":23},"end":{"line":83,"column":53}},"56":{"start":{"line":84,"column":23},"end":{"line":84,"column":66}},"57":{"start":{"line":85,"column":20},"end":{"line":85,"column":44}},"58":{"start":{"line":86,"column":19},"end":{"line":86,"column":31}},"59":{"start":{"line":87,"column":6},"end":{"line":89,"column":7}},"60":{"start":{"line":88,"column":8},"end":{"line":88,"column":59}},"61":{"start":{"line":93,"column":21},"end":{"line":93,"column":23}},"62":{"start":{"line":95,"column":4},"end":{"line":101,"column":5}},"63":{"start":{"line":96,"column":20},"end":{"line":96,"column":45}},"64":{"start":{"line":97,"column":23},"end":{"line":97,"column":41}},"65":{"start":{"line":98,"column":6},"end":{"line":100,"column":7}},"66":{"start":{"line":99,"column":8},"end":{"line":99,"column":58}},"67":{"start":{"line":103,"column":16},"end":{"line":103,"column":43}},"68":{"start":{"line":104,"column":4},"end":{"line":106,"column":5}},"69":{"start":{"line":105,"column":6},"end":{"line":105,"column":44}},"70":{"start":{"line":108,"column":4},"end":{"line":110,"column":5}},"71":{"start":{"line":109,"column":6},"end":{"line":109,"column":53}},"72":{"start":{"line":112,"column":4},"end":{"line":114,"column":5}},"73":{"start":{"line":113,"column":6},"end":{"line":113,"column":59}},"74":{"start":{"line":116,"column":4},"end":{"line":116,"column":64}},"75":{"start":{"line":119,"column":26},"end":{"line":119,"column":60}},"76":{"start":{"line":120,"column":4},"end":{"line":124,"column":5}},"77":{"start":{"line":121,"column":6},"end":{"line":121,"column":69}},"78":{"start":{"line":122,"column":11},"end":{"line":124,"column":5}},"79":{"start":{"line":123,"column":6},"end":{"line":123,"column":59}},"80":{"start":{"line":126,"column":4},"end":{"line":136,"column":6}}},"fnMap":{"0":{"name":"calculateRiskLocally","decl":{"start":{"line":4,"column":16},"end":{"line":4,"column":36}},"loc":{"start":{"line":4,"column":69},"end":{"line":46,"column":1}},"line":4},"1":{"name":"classify","decl":{"start":{"line":49,"column":8},"end":{"line":49,"column":16}},"loc":{"start":{"line":49,"column":40},"end":{"line":137,"column":3}},"line":49}},"branchMap":{"0":{"loc":{"start":{"line":8,"column":2},"end":{"line":20,"column":3}},"type":"if","locations":[{"start":{"line":8,"column":2},"end":{"line":20,"column":3}},{"start":{},"end":{}}],"line":8},"1":{"loc":{"start":{"line":8,"column":6},"end":{"line":8,"column":28}},"type":"binary-expr","locations":[{"start":{"line":8,"column":6},"end":{"line":8,"column":8}},{"start":{"line":8,"column":12},"end":{"line":8,"column":28}}],"line":8},"2":{"loc":{"start":{"line":13,"column":4},"end":{"line":19,"column":5}},"type":"if","locations":[{"start":{"line":13,"column":4},"end":{"line":19,"column":5}},{"start":{"line":15,"column":11},"end":{"line":19,"column":5}}],"line":13},"3":{"loc":{"start":{"line":13,"column":8},"end":{"line":13,"column":43}},"type":"binary-expr","locations":[{"start":{"line":13,"column":8},"end":{"line":13,"column":23}},{"start":{"line":13,"column":27},"end":{"line":13,"column":43}}],"line":13},"4":{"loc":{"start":{"line":15,"column":11},"end":{"line":19,"column":5}},"type":"if","locations":[{"start":{"line":15,"column":11},"end":{"line":19,"column":5}},{"start":{"line":17,"column":11},"end":{"line":19,"column":5}}],"line":15},"5":{"loc":{"start":{"line":15,"column":15},"end":{"line":15,"column":49}},"type":"binary-expr","locations":[{"start":{"line":15,"column":15},"end":{"line":15,"column":30}},{"start":{"line":15,"column":34},"end":{"line":15,"column":49}}],"line":15},"6":{"loc":{"start":{"line":17,"column":11},"end":{"line":19,"column":5}},"type":"if","locations":[{"start":{"line":17,"column":11},"end":{"line":19,"column":5}},{"start":{},"end":{}}],"line":17},"7":{"loc":{"start":{"line":17,"column":15},"end":{"line":17,"column":49}},"type":"binary-expr","locations":[{"start":{"line":17,"column":15},"end":{"line":17,"column":30}},{"start":{"line":17,"column":34},"end":{"line":17,"column":49}}],"line":17},"8":{"loc":{"start":{"line":24,"column":2},"end":{"line":30,"column":3}},"type":"if","locations":[{"start":{"line":24,"column":2},"end":{"line":30,"column":3}},{"start":{},"end":{}}],"line":24},"9":{"loc":{"start":{"line":25,"column":4},"end":{"line":29,"column":5}},"type":"if","locations":[{"start":{"line":25,"column":4},"end":{"line":29,"column":5}},{"start":{"line":27,"column":11},"end":{"line":29,"column":5}}],"line":25},"10":{"loc":{"start":{"line":27,"column":11},"end":{"line":29,"column":5}},"type":"if","locations":[{"start":{"line":27,"column":11},"end":{"line":29,"column":5}},{"start":{},"end":{}}],"line":27},"11":{"loc":{"start":{"line":33,"column":2},"end":{"line":33,"column":59}},"type":"if","locations":[{"start":{"line":33,"column":2},"end":{"line":33,"column":59}},{"start":{},"end":{}}],"line":33},"12":{"loc":{"start":{"line":33,"column":6},"end":{"line":33,"column":45}},"type":"binary-expr","locations":[{"start":{"line":33,"column":6},"end":{"line":33,"column":17}},{"start":{"line":33,"column":21},"end":{"line":33,"column":45}}],"line":33},"13":{"loc":{"start":{"line":34,"column":2},"end":{"line":34,"column":53}},"type":"if","locations":[{"start":{"line":34,"column":2},"end":{"line":34,"column":53}},{"start":{},"end":{}}],"line":34},"14":{"loc":{"start":{"line":34,"column":6},"end":{"line":34,"column":39}},"type":"binary-expr","locations":[{"start":{"line":34,"column":6},"end":{"line":34,"column":17}},{"start":{"line":34,"column":21},"end":{"line":34,"column":39}}],"line":34},"15":{"loc":{"start":{"line":35,"column":2},"end":{"line":35,"column":55}},"type":"if","locations":[{"start":{"line":35,"column":2},"end":{"line":35,"column":55}},{"start":{},"end":{}}],"line":35},"16":{"loc":{"start":{"line":35,"column":6},"end":{"line":35,"column":42}},"type":"binary-expr","locations":[{"start":{"line":35,"column":6},"end":{"line":35,"column":17}},{"start":{"line":35,"column":21},"end":{"line":35,"column":42}}],"line":35},"17":{"loc":{"start":{"line":36,"column":2},"end":{"line":36,"column":54}},"type":"if","locations":[{"start":{"line":36,"column":2},"end":{"line":36,"column":54}},{"start":{},"end":{}}],"line":36},"18":{"loc":{"start":{"line":36,"column":6},"end":{"line":36,"column":41}},"type":"binary-expr","locations":[{"start":{"line":36,"column":6},"end":{"line":36,"column":17}},{"start":{"line":36,"column":21},"end":{"line":36,"column":41}}],"line":36},"19":{"loc":{"start":{"line":37,"column":2},"end":{"line":37,"column":55}},"type":"if","locations":[{"start":{"line":37,"column":2},"end":{"line":37,"column":55}},{"start":{},"end":{}}],"line":37},"20":{"loc":{"start":{"line":37,"column":6},"end":{"line":37,"column":41}},"type":"binary-expr","locations":[{"start":{"line":37,"column":6},"end":{"line":37,"column":17}},{"start":{"line":37,"column":21},"end":{"line":37,"column":41}}],"line":37},"21":{"loc":{"start":{"line":38,"column":2},"end":{"line":38,"column":54}},"type":"if","locations":[{"start":{"line":38,"column":2},"end":{"line":38,"column":54}},{"start":{},"end":{}}],"line":38},"22":{"loc":{"start":{"line":38,"column":6},"end":{"line":38,"column":41}},"type":"binary-expr","locations":[{"start":{"line":38,"column":6},"end":{"line":38,"column":17}},{"start":{"line":38,"column":21},"end":{"line":38,"column":41}}],"line":38},"23":{"loc":{"start":{"line":39,"column":2},"end":{"line":39,"column":50}},"type":"if","locations":[{"start":{"line":39,"column":2},"end":{"line":39,"column":50}},{"start":{},"end":{}}],"line":39},"24":{"loc":{"start":{"line":39,"column":6},"end":{"line":39,"column":37}},"type":"binary-expr","locations":[{"start":{"line":39,"column":6},"end":{"line":39,"column":17}},{"start":{"line":39,"column":21},"end":{"line":39,"column":37}}],"line":39},"25":{"loc":{"start":{"line":42,"column":2},"end":{"line":42,"column":29}},"type":"if","locations":[{"start":{"line":42,"column":2},"end":{"line":42,"column":29}},{"start":{},"end":{}}],"line":42},"26":{"loc":{"start":{"line":43,"column":2},"end":{"line":43,"column":27}},"type":"if","locations":[{"start":{"line":43,"column":2},"end":{"line":43,"column":27}},{"start":{},"end":{}}],"line":43},"27":{"loc":{"start":{"line":50,"column":4},"end":{"line":56,"column":5}},"type":"if","locations":[{"start":{"line":50,"column":4},"end":{"line":56,"column":5}},{"start":{},"end":{}}],"line":50},"28":{"loc":{"start":{"line":59,"column":21},"end":{"line":59,"column":48}},"type":"binary-expr","locations":[{"start":{"line":59,"column":21},"end":{"line":59,"column":42}},{"start":{"line":59,"column":46},"end":{"line":59,"column":48}}],"line":59},"29":{"loc":{"start":{"line":59,"column":59},"end":{"line":59,"column":85}},"type":"binary-expr","locations":[{"start":{"line":59,"column":59},"end":{"line":59,"column":79}},{"start":{"line":59,"column":83},"end":{"line":59,"column":85}}],"line":59},"30":{"loc":{"start":{"line":64,"column":6},"end":{"line":64,"column":27}},"type":"binary-expr","locations":[{"start":{"line":64,"column":6},"end":{"line":64,"column":21}},{"start":{"line":64,"column":25},"end":{"line":64,"column":27}}],"line":64},"31":{"loc":{"start":{"line":65,"column":6},"end":{"line":65,"column":35}},"type":"binary-expr","locations":[{"start":{"line":65,"column":6},"end":{"line":65,"column":29}},{"start":{"line":65,"column":33},"end":{"line":65,"column":35}}],"line":65},"32":{"loc":{"start":{"line":71,"column":4},"end":{"line":77,"column":5}},"type":"if","locations":[{"start":{"line":71,"column":4},"end":{"line":77,"column":5}},{"start":{"line":74,"column":11},"end":{"line":77,"column":5}}],"line":71},"33":{"loc":{"start":{"line":71,"column":8},"end":{"line":71,"column":30}},"type":"binary-expr","locations":[{"start":{"line":71,"column":8},"end":{"line":71,"column":15}},{"start":{"line":71,"column":19},"end":{"line":71,"column":30}}],"line":71},"34":{"loc":{"start":{"line":74,"column":11},"end":{"line":77,"column":5}},"type":"if","locations":[{"start":{"line":74,"column":11},"end":{"line":77,"column":5}},{"start":{},"end":{}}],"line":74},"35":{"loc":{"start":{"line":81,"column":4},"end":{"line":90,"column":5}},"type":"if","locations":[{"start":{"line":81,"column":4},"end":{"line":90,"column":5}},{"start":{},"end":{}}],"line":81},"36":{"loc":{"start":{"line":87,"column":6},"end":{"line":89,"column":7}},"type":"if","locations":[{"start":{"line":87,"column":6},"end":{"line":89,"column":7}},{"start":{},"end":{}}],"line":87},"37":{"loc":{"start":{"line":87,"column":10},"end":{"line":87,"column":33}},"type":"binary-expr","locations":[{"start":{"line":87,"column":10},"end":{"line":87,"column":19}},{"start":{"line":87,"column":23},"end":{"line":87,"column":33}}],"line":87},"38":{"loc":{"start":{"line":95,"column":4},"end":{"line":101,"column":5}},"type":"if","locations":[{"start":{"line":95,"column":4},"end":{"line":101,"column":5}},{"start":{},"end":{}}],"line":95},"39":{"loc":{"start":{"line":98,"column":6},"end":{"line":100,"column":7}},"type":"if","locations":[{"start":{"line":98,"column":6},"end":{"line":100,"column":7}},{"start":{},"end":{}}],"line":98},"40":{"loc":{"start":{"line":104,"column":4},"end":{"line":106,"column":5}},"type":"if","locations":[{"start":{"line":104,"column":4},"end":{"line":106,"column":5}},{"start":{},"end":{}}],"line":104},"41":{"loc":{"start":{"line":104,"column":8},"end":{"line":104,"column":32}},"type":"binary-expr","locations":[{"start":{"line":104,"column":8},"end":{"line":104,"column":19}},{"start":{"line":104,"column":23},"end":{"line":104,"column":32}}],"line":104},"42":{"loc":{"start":{"line":108,"column":4},"end":{"line":110,"column":5}},"type":"if","locations":[{"start":{"line":108,"column":4},"end":{"line":110,"column":5}},{"start":{},"end":{}}],"line":108},"43":{"loc":{"start":{"line":112,"column":4},"end":{"line":114,"column":5}},"type":"if","locations":[{"start":{"line":112,"column":4},"end":{"line":114,"column":5}},{"start":{},"end":{}}],"line":112},"44":{"loc":{"start":{"line":120,"column":4},"end":{"line":124,"column":5}},"type":"if","locations":[{"start":{"line":120,"column":4},"end":{"line":124,"column":5}},{"start":{"line":122,"column":11},"end":{"line":124,"column":5}}],"line":120},"45":{"loc":{"start":{"line":122,"column":11},"end":{"line":124,"column":5}},"type":"if","locations":[{"start":{"line":122,"column":11},"end":{"line":124,"column":5}},{"start":{},"end":{}}],"line":122},"46":{"loc":{"start":{"line":132,"column":17},"end":{"line":132,"column":37}},"type":"cond-expr","locations":[{"start":{"line":132,"column":27},"end":{"line":132,"column":29}},{"start":{"line":132,"column":32},"end":{"line":132,"column":37}}],"line":132},"47":{"loc":{"start":{"line":133,"column":21},"end":{"line":133,"column":64}},"type":"cond-expr","locations":[{"start":{"line":133,"column":31},"end":{"line":133,"column":48}},{"start":{"line":133,"column":51},"end":{"line":133,"column":64}}],"line":133}},"s":{"0":27,"1":27,"2":25,"3":25,"4":25,"5":25,"6":4,"7":21,"8":4,"9":17,"10":1,"11":27,"12":27,"13":25,"14":6,"15":19,"16":3,"17":27,"18":6,"19":27,"20":4,"21":27,"22":3,"23":27,"24":2,"25":27,"26":2,"27":27,"28":2,"29":27,"30":2,"31":27,"32":1,"33":27,"34":0,"35":27,"36":1,"37":6,"38":0,"39":0,"40":0,"41":6,"42":6,"43":6,"44":6,"45":6,"46":6,"47":1,"48":1,"49":5,"50":2,"51":2,"52":6,"53":6,"54":2,"55":2,"56":2,"57":2,"58":2,"59":2,"60":2,"61":6,"62":6,"63":6,"64":6,"65":6,"66":3,"67":6,"68":6,"69":2,"70":6,"71":2,"72":6,"73":1,"74":6,"75":6,"76":6,"77":1,"78":5,"79":2,"80":6},"f":{"0":27,"1":6},"b":{"0":[25,2],"1":[27,26],"2":[4,21],"3":[25,22],"4":[4,17],"5":[21,17],"6":[1,16],"7":[17,16],"8":[25,2],"9":[6,19],"10":[3,16],"11":[6,21],"12":[27,26],"13":[4,23],"14":[27,26],"15":[3,24],"16":[27,26],"17":[2,25],"18":[27,26],"19":[2,25],"20":[27,26],"21":[2,25],"22":[27,26],"23":[2,25],"24":[27,26],"25":[1,26],"26":[0,27],"27":[0,6],"28":[6,0],"29":[6,0],"30":[6,3],"31":[6,0],"32":[1,5],"33":[6,5],"34":[2,3],"35":[2,4],"36":[2,0],"37":[2,2],"38":[6,0],"39":[3,3],"40":[2,4],"41":[6,6],"42":[2,4],"43":[1,5],"44":[1,5],"45":[2,3],"46":[1,5],"47":[1,5]},"meta":{"lastBranch":48,"lastFunction":2,"lastStatement":81,"seen":{"f:4:16:4:36":0,"s:5:14:5:16":0,"b:8:2:20:3:undefined:undefined:undefined:undefined":0,"s:8:2:20:3":1,"b:8:6:8:8:8:12:8:28":1,"s:9:18:9:31":2,"s:10:21:10:39":3,"s:11:22:11:40":4,"b:13:4:19:5:15:11:19:5":2,"s:13:4:19:5":5,"b:13:8:13:23:13:27:13:43":3,"s:14:6:14:18":6,"b:15:11:19:5:17:11:19:5":4,"s:15:11:19:5":7,"b:15:15:15:30:15:34:15:49":5,"s:16:6:16:18":8,"b:17:11:19:5:undefined:undefined:undefined:undefined":6,"s:17:11:19:5":9,"b:17:15:17:30:17:34:17:49":7,"s:18:6:18:18":10,"s:23:14:23:34":11,"b:24:2:30:3:undefined:undefined:undefined:undefined":8,"s:24:2:30:3":12,"b:25:4:29:5:27:11:29:5":9,"s:25:4:29:5":13,"s:26:6:26:17":14,"b:27:11:29:5:undefined:undefined:undefined:undefined":10,"s:27:11:29:5":15,"s:28:6:28:17":16,"b:33:2:33:59:undefined:undefined:undefined:undefined":11,"s:33:2:33:59":17,"b:33:6:33:17:33:21:33:45":12,"s:33:47:33:59":18,"b:34:2:34:53:undefined:undefined:undefined:undefined":13,"s:34:2:34:53":19,"b:34:6:34:17:34:21:34:39":14,"s:34:41:34:53":20,"b:35:2:35:55:undefined:undefined:undefined:undefined":15,"s:35:2:35:55":21,"b:35:6:35:17:35:21:35:42":16,"s:35:44:35:55":22,"b:36:2:36:54:undefined:undefined:undefined:undefined":17,"s:36:2:36:54":23,"b:36:6:36:17:36:21:36:41":18,"s:36:43:36:54":24,"b:37:2:37:55:undefined:undefined:undefined:undefined":19,"s:37:2:37:55":25,"b:37:6:37:17:37:21:37:41":20,"s:37:43:37:55":26,"b:38:2:38:54:undefined:undefined:undefined:undefined":21,"s:38:2:38:54":27,"b:38:6:38:17:38:21:38:41":22,"s:38:43:38:54":28,"b:39:2:39:50:undefined:undefined:undefined:undefined":23,"s:39:2:39:50":29,"b:39:6:39:17:39:21:39:37":24,"s:39:39:39:50":30,"b:42:2:42:29:undefined:undefined:undefined:undefined":25,"s:42:2:42:29":31,"s:42:18:42:29":32,"b:43:2:43:27:undefined:undefined:undefined:undefined":26,"s:43:2:43:27":33,"s:43:17:43:27":34,"s:45:2:45:27":35,"s:48:25:138:1":36,"f:49:8:49:16":1,"b:50:4:56:5:undefined:undefined:undefined:undefined":27,"s:50:4:56:5":37,"s:51:6:55:7":38,"s:52:8:52:51":39,"s:54:8:54:91":40,"s:59:20:59:86":41,"b:59:21:59:42:59:46:59:48":28,"b:59:59:59:79:59:83:59:85":29,"s:60:20:60:59":42,"s:61:18:66:5":43,"b:64:6:64:21:64:25:64:27":30,"b:65:6:65:29:65:33:65:35":31,"s:68:24:68:32":44,"s:69:31:69:36":45,"b:71:4:77:5:74:11:77:5":32,"s:71:4:77:5":46,"b:71:8:71:15:71:19:71:30":33,"s:72:6:72:40":47,"s:73:6:73:36":48,"b:74:11:77:5:undefined:undefined:undefined:undefined":34,"s:74:11:77:5":49,"s:75:6:75:32":50,"s:76:6:76:40":51,"s:80:33:80:46":52,"b:81:4:90:5:undefined:undefined:undefined:undefined":35,"s:81:4:90:5":53,"s:82:22:82:47":54,"s:83:23:83:53":55,"s:84:23:84:66":56,"s:85:20:85:44":57,"s:86:19:86:31":58,"b:87:6:89:7:undefined:undefined:undefined:undefined":36,"s:87:6:89:7":59,"b:87:10:87:19:87:23:87:33":37,"s:88:8:88:59":60,"s:93:21:93:23":61,"b:95:4:101:5:undefined:undefined:undefined:undefined":38,"s:95:4:101:5":62,"s:96:20:96:45":63,"s:97:23:97:41":64,"b:98:6:100:7:undefined:undefined:undefined:undefined":39,"s:98:6:100:7":65,"s:99:8:99:58":66,"s:103:16:103:43":67,"b:104:4:106:5:undefined:undefined:undefined:undefined":40,"s:104:4:106:5":68,"b:104:8:104:19:104:23:104:32":41,"s:105:6:105:44":69,"b:108:4:110:5:undefined:undefined:undefined:undefined":42,"s:108:4:110:5":70,"s:109:6:109:53":71,"b:112:4:114:5:undefined:undefined:undefined:undefined":43,"s:112:4:114:5":72,"s:113:6:113:59":73,"s:116:4:116:64":74,"s:119:26:119:60":75,"b:120:4:124:5:122:11:124:5":44,"s:120:4:124:5":76,"s:121:6:121:69":77,"b:122:11:124:5:undefined:undefined:undefined:undefined":45,"s:122:11:124:5":78,"s:123:6:123:59":79,"s:126:4:136:6":80,"b:132:27:132:29:132:32:132:37":46,"b:133:31:133:48:133:51:133:64":47},"fnNames":{}}}
,"F:\\Downloads\\Kalinga\\kalinga\\client\\src\\services\\api.js": {"path":"F:\\Downloads\\Kalinga\\kalinga\\client\\src\\services\\api.js","statementMap":{"0":{"start":{"line":1,"column":21},"end":{"line":1,"column":48}},"1":{"start":{"line":4,"column":14},"end":{"line":4,"column":42}},"2":{"start":{"line":5,"column":18},"end":{"line":8,"column":3}},"3":{"start":{"line":10,"column":17},"end":{"line":13,"column":3}},"4":{"start":{"line":15,"column":2},"end":{"line":17,"column":3}},"5":{"start":{"line":16,"column":4},"end":{"line":16,"column":47}},"6":{"start":{"line":19,"column":19},"end":{"line":19,"column":43}},"7":{"start":{"line":20,"column":2},"end":{"line":23,"column":3}},"8":{"start":{"line":21,"column":20},"end":{"line":21,"column":59}},"9":{"start":{"line":21,"column":55},"end":{"line":21,"column":57}},"10":{"start":{"line":22,"column":4},"end":{"line":22,"column":79}},"11":{"start":{"line":24,"column":2},"end":{"line":24,"column":25}},"12":{"start":{"line":27,"column":19},"end":{"line":85,"column":1}},"13":{"start":{"line":29,"column":4},"end":{"line":29,"column":30}},"14":{"start":{"line":33,"column":4},"end":{"line":33,"column":32}},"15":{"start":{"line":37,"column":4},"end":{"line":40,"column":7}},"16":{"start":{"line":44,"column":4},"end":{"line":44,"column":29}},"17":{"start":{"line":48,"column":4},"end":{"line":51,"column":7}},"18":{"start":{"line":55,"column":4},"end":{"line":55,"column":37}},"19":{"start":{"line":59,"column":4},"end":{"line":59,"column":35}},"20":{"start":{"line":63,"column":4},"end":{"line":66,"column":7}},"21":{"start":{"line":70,"column":4},"end":{"line":73,"column":7}},"22":{"start":{"line":77,"column":4},"end":{"line":77,"column":37}},"23":{"start":{"line":81,"column":4},"end":{"line":83,"column":7}}},"fnMap":{"0":{"name":"request","decl":{"start":{"line":3,"column":15},"end":{"line":3,"column":22}},"loc":{"start":{"line":3,"column":47},"end":{"line":25,"column":1}},"line":3},"1":{"name":"(anonymous_1)","decl":{"start":{"line":21,"column":48},"end":{"line":21,"column":49}},"loc":{"start":{"line":21,"column":55},"end":{"line":21,"column":57}},"line":21},"2":{"name":"getHealth","decl":{"start":{"line":28,"column":8},"end":{"line":28,"column":17}},"loc":{"start":{"line":28,"column":20},"end":{"line":30,"column":3}},"line":28},"3":{"name":"getPatients","decl":{"start":{"line":32,"column":8},"end":{"line":32,"column":19}},"loc":{"start":{"line":32,"column":22},"end":{"line":34,"column":3}},"line":32},"4":{"name":"registerPatient","decl":{"start":{"line":36,"column":8},"end":{"line":36,"column":23}},"loc":{"start":{"line":36,"column":33},"end":{"line":41,"column":3}},"line":36},"5":{"name":"getScans","decl":{"start":{"line":43,"column":8},"end":{"line":43,"column":16}},"loc":{"start":{"line":43,"column":19},"end":{"line":45,"column":3}},"line":43},"6":{"name":"saveScan","decl":{"start":{"line":47,"column":8},"end":{"line":47,"column":16}},"loc":{"start":{"line":47,"column":23},"end":{"line":52,"column":3}},"line":47},"7":{"name":"getPendingScans","decl":{"start":{"line":54,"column":8},"end":{"line":54,"column":23}},"loc":{"start":{"line":54,"column":26},"end":{"line":56,"column":3}},"line":54},"8":{"name":"getScanById","decl":{"start":{"line":58,"column":8},"end":{"line":58,"column":19}},"loc":{"start":{"line":58,"column":24},"end":{"line":60,"column":3}},"line":58},"9":{"name":"verifyScan","decl":{"start":{"line":62,"column":8},"end":{"line":62,"column":18}},"loc":{"start":{"line":62,"column":35},"end":{"line":67,"column":3}},"line":62},"10":{"name":"classifyScan","decl":{"start":{"line":69,"column":8},"end":{"line":69,"column":20}},"loc":{"start":{"line":69,"column":34},"end":{"line":74,"column":3}},"line":69},"11":{"name":"getNotifications","decl":{"start":{"line":76,"column":8},"end":{"line":76,"column":24}},"loc":{"start":{"line":76,"column":27},"end":{"line":78,"column":3}},"line":76},"12":{"name":"markNotificationRead","decl":{"start":{"line":80,"column":8},"end":{"line":80,"column":28}},"loc":{"start":{"line":80,"column":33},"end":{"line":84,"column":3}},"line":80}},"branchMap":{"0":{"loc":{"start":{"line":3,"column":33},"end":{"line":3,"column":45}},"type":"default-arg","locations":[{"start":{"line":3,"column":43},"end":{"line":3,"column":45}}],"line":3},"1":{"loc":{"start":{"line":15,"column":2},"end":{"line":17,"column":3}},"type":"if","locations":[{"start":{"line":15,"column":2},"end":{"line":17,"column":3}},{"start":{},"end":{}}],"line":15},"2":{"loc":{"start":{"line":20,"column":2},"end":{"line":23,"column":3}},"type":"if","locations":[{"start":{"line":20,"column":2},"end":{"line":23,"column":3}},{"start":{},"end":{}}],"line":20},"3":{"loc":{"start":{"line":22,"column":20},"end":{"line":22,"column":77}},"type":"binary-expr","locations":[{"start":{"line":22,"column":20},"end":{"line":22,"column":33}},{"start":{"line":22,"column":37},"end":{"line":22,"column":77}}],"line":22}},"s":{"0":4,"1":0,"2":0,"3":0,"4":0,"5":0,"6":0,"7":0,"8":0,"9":0,"10":0,"11":0,"12":4,"13":0,"14":0,"15":0,"16":0,"17":0,"18":0,"19":0,"20":0,"21":0,"22":0,"23":0},"f":{"0":0,"1":0,"2":0,"3":0,"4":0,"5":0,"6":0,"7":0,"8":0,"9":0,"10":0,"11":0,"12":0},"b":{"0":[0],"1":[0,0],"2":[0,0],"3":[0,0]},"meta":{"lastBranch":4,"lastFunction":13,"lastStatement":24,"seen":{"s:1:21:1:48":0,"f:3:15:3:22":0,"b:3:43:3:45":0,"s:4:14:4:42":1,"s:5:18:8:3":2,"s:10:17:13:3":3,"b:15:2:17:3:undefined:undefined:undefined:undefined":1,"s:15:2:17:3":4,"s:16:4:16:47":5,"s:19:19:19:43":6,"b:20:2:23:3:undefined:undefined:undefined:undefined":2,"s:20:2:23:3":7,"s:21:20:21:59":8,"f:21:48:21:49":1,"s:21:55:21:57":9,"s:22:4:22:79":10,"b:22:20:22:33:22:37:22:77":3,"s:24:2:24:25":11,"s:27:19:85:1":12,"f:28:8:28:17":2,"s:29:4:29:30":13,"f:32:8:32:19":3,"s:33:4:33:32":14,"f:36:8:36:23":4,"s:37:4:40:7":15,"f:43:8:43:16":5,"s:44:4:44:29":16,"f:47:8:47:16":6,"s:48:4:51:7":17,"f:54:8:54:23":7,"s:55:4:55:37":18,"f:58:8:58:19":8,"s:59:4:59:35":19,"f:62:8:62:18":9,"s:63:4:66:7":20,"f:69:8:69:20":10,"s:70:4:73:7":21,"f:76:8:76:24":11,"s:77:4:77:37":22,"f:80:8:80:28":12,"s:81:4:83:7":23},"fnNames":{}}}
,"F:\\Downloads\\Kalinga\\kalinga\\client\\src\\services\\notificationService.js": {"path":"F:\\Downloads\\Kalinga\\kalinga\\client\\src\\services\\notificationService.js","statementMap":{"0":{"start":{"line":15,"column":25},"end":{"line":15,"column":29}},"1":{"start":{"line":16,"column":31},"end":{"line":16,"column":54}},"2":{"start":{"line":17,"column":34},"end":{"line":17,"column":66}},"3":{"start":{"line":21,"column":4},"end":{"line":21,"column":32}},"4":{"start":{"line":22,"column":4},"end":{"line":22,"column":27}},"5":{"start":{"line":23,"column":4},"end":{"line":23,"column":33}},"6":{"start":{"line":24,"column":4},"end":{"line":24,"column":24}},"7":{"start":{"line":25,"column":4},"end":{"line":25,"column":34}},"8":{"start":{"line":33,"column":4},"end":{"line":36,"column":5}},"9":{"start":{"line":34,"column":6},"end":{"line":34,"column":57}},"10":{"start":{"line":35,"column":6},"end":{"line":35,"column":13}},"11":{"start":{"line":38,"column":4},"end":{"line":38,"column":37}},"12":{"start":{"line":39,"column":4},"end":{"line":39,"column":26}},"13":{"start":{"line":40,"column":4},"end":{"line":40,"column":24}},"14":{"start":{"line":43,"column":4},"end":{"line":43,"column":27}},"15":{"start":{"line":46,"column":4},"end":{"line":48,"column":25}},"16":{"start":{"line":47,"column":6},"end":{"line":47,"column":29}},"17":{"start":{"line":50,"column":4},"end":{"line":50,"column":63}},"18":{"start":{"line":57,"column":4},"end":{"line":60,"column":5}},"19":{"start":{"line":58,"column":6},"end":{"line":58,"column":42}},"20":{"start":{"line":59,"column":6},"end":{"line":59,"column":34}},"21":{"start":{"line":61,"column":4},"end":{"line":61,"column":27}},"22":{"start":{"line":62,"column":4},"end":{"line":62,"column":33}},"23":{"start":{"line":63,"column":4},"end":{"line":63,"column":24}},"24":{"start":{"line":64,"column":4},"end":{"line":64,"column":48}},"25":{"start":{"line":72,"column":4},"end":{"line":114,"column":5}},"26":{"start":{"line":73,"column":28},"end":{"line":73,"column":56}},"27":{"start":{"line":76,"column":6},"end":{"line":76,"column":26}},"28":{"start":{"line":79,"column":6},"end":{"line":79,"column":39}},"29":{"start":{"line":82,"column":6},"end":{"line":89,"column":7}},"30":{"start":{"line":83,"column":28},"end":{"line":83,"column":83}},"31":{"start":{"line":83,"column":54},"end":{"line":83,"column":75}},"32":{"start":{"line":84,"column":8},"end":{"line":88,"column":11}},"33":{"start":{"line":91,"column":6},"end":{"line":91,"column":24}},"34":{"start":{"line":94,"column":6},"end":{"line":94,"column":124}},"35":{"start":{"line":97,"column":6},"end":{"line":100,"column":7}},"36":{"start":{"line":98,"column":8},"end":{"line":98,"column":101}},"37":{"start":{"line":103,"column":6},"end":{"line":113,"column":7}},"38":{"start":{"line":104,"column":23},"end":{"line":104,"column":52}},"39":{"start":{"line":105,"column":28},"end":{"line":105,"column":76}},"40":{"start":{"line":105,"column":47},"end":{"line":105,"column":68}},"41":{"start":{"line":106,"column":8},"end":{"line":112,"column":11}},"42":{"start":{"line":122,"column":4},"end":{"line":137,"column":5}},"43":{"start":{"line":124,"column":6},"end":{"line":124,"column":57}},"44":{"start":{"line":127,"column":23},"end":{"line":131,"column":7}},"45":{"start":{"line":130,"column":47},"end":{"line":130,"column":68}},"46":{"start":{"line":132,"column":6},"end":{"line":132,"column":55}},"47":{"start":{"line":134,"column":6},"end":{"line":134,"column":99}},"48":{"start":{"line":136,"column":6},"end":{"line":136,"column":59}},"49":{"start":{"line":145,"column":4},"end":{"line":145,"column":51}},"50":{"start":{"line":153,"column":4},"end":{"line":157,"column":7}},"51":{"start":{"line":167,"column":4},"end":{"line":186,"column":5}},"52":{"start":{"line":169,"column":6},"end":{"line":171,"column":7}},"53":{"start":{"line":170,"column":8},"end":{"line":170,"column":55}},"54":{"start":{"line":174,"column":21},"end":{"line":174,"column":50}},"55":{"start":{"line":175,"column":27},"end":{"line":175,"column":68}},"56":{"start":{"line":175,"column":44},"end":{"line":175,"column":67}},"57":{"start":{"line":176,"column":6},"end":{"line":180,"column":7}},"58":{"start":{"line":177,"column":8},"end":{"line":177,"column":37}},"59":{"start":{"line":178,"column":8},"end":{"line":178,"column":55}},"60":{"start":{"line":179,"column":8},"end":{"line":179,"column":52}},"61":{"start":{"line":182,"column":6},"end":{"line":182,"column":31}},"62":{"start":{"line":184,"column":6},"end":{"line":184,"column":83}},"63":{"start":{"line":185,"column":6},"end":{"line":185,"column":52}},"64":{"start":{"line":193,"column":4},"end":{"line":193,"column":43}},"65":{"start":{"line":194,"column":4},"end":{"line":194,"column":46}},"66":{"start":{"line":195,"column":4},"end":{"line":195,"column":46}},"67":{"start":{"line":203,"column":4},"end":{"line":208,"column":6}},"68":{"start":{"line":215,"column":4},"end":{"line":217,"column":5}},"69":{"start":{"line":216,"column":6},"end":{"line":216,"column":68}},"70":{"start":{"line":218,"column":4},"end":{"line":218,"column":33}},"71":{"start":{"line":223,"column":28},"end":{"line":223,"column":53}}},"fnMap":{"0":{"name":"constructor","decl":{"start":{"line":20,"column":2},"end":{"line":20,"column":13}},"loc":{"start":{"line":20,"column":16},"end":{"line":26,"column":3}},"line":20},"1":{"name":"startPolling","decl":{"start":{"line":32,"column":2},"end":{"line":32,"column":14}},"loc":{"start":{"line":32,"column":25},"end":{"line":51,"column":3}},"line":32},"2":{"name":"(anonymous_2)","decl":{"start":{"line":46,"column":39},"end":{"line":46,"column":40}},"loc":{"start":{"line":46,"column":45},"end":{"line":48,"column":5}},"line":46},"3":{"name":"stopPolling","decl":{"start":{"line":56,"column":2},"end":{"line":56,"column":13}},"loc":{"start":{"line":56,"column":16},"end":{"line":65,"column":3}},"line":56},"4":{"name":"_fetchAndUpdate","decl":{"start":{"line":71,"column":8},"end":{"line":71,"column":23}},"loc":{"start":{"line":71,"column":26},"end":{"line":115,"column":3}},"line":71},"5":{"name":"(anonymous_5)","decl":{"start":{"line":83,"column":49},"end":{"line":83,"column":50}},"loc":{"start":{"line":83,"column":54},"end":{"line":83,"column":75}},"line":83},"6":{"name":"(anonymous_6)","decl":{"start":{"line":105,"column":42},"end":{"line":105,"column":43}},"loc":{"start":{"line":105,"column":47},"end":{"line":105,"column":68}},"line":105},"7":{"name":"_updateCache","decl":{"start":{"line":121,"column":2},"end":{"line":121,"column":14}},"loc":{"start":{"line":121,"column":30},"end":{"line":138,"column":3}},"line":121},"8":{"name":"(anonymous_8)","decl":{"start":{"line":130,"column":42},"end":{"line":130,"column":43}},"loc":{"start":{"line":130,"column":47},"end":{"line":130,"column":68}},"line":130},"9":{"name":"getCachedNotifications","decl":{"start":{"line":144,"column":2},"end":{"line":144,"column":24}},"loc":{"start":{"line":144,"column":27},"end":{"line":146,"column":3}},"line":144},"10":{"name":"getCachedMetadata","decl":{"start":{"line":152,"column":2},"end":{"line":152,"column":19}},"loc":{"start":{"line":152,"column":22},"end":{"line":158,"column":3}},"line":152},"11":{"name":"markAsRead","decl":{"start":{"line":166,"column":8},"end":{"line":166,"column":18}},"loc":{"start":{"line":166,"column":52},"end":{"line":187,"column":3}},"line":166},"12":{"name":"(anonymous_12)","decl":{"start":{"line":175,"column":39},"end":{"line":175,"column":40}},"loc":{"start":{"line":175,"column":44},"end":{"line":175,"column":67}},"line":175},"13":{"name":"clearCache","decl":{"start":{"line":192,"column":2},"end":{"line":192,"column":12}},"loc":{"start":{"line":192,"column":15},"end":{"line":196,"column":3}},"line":192},"14":{"name":"getStatus","decl":{"start":{"line":202,"column":2},"end":{"line":202,"column":11}},"loc":{"start":{"line":202,"column":14},"end":{"line":209,"column":3}},"line":202},"15":{"name":"fetchNow","decl":{"start":{"line":214,"column":8},"end":{"line":214,"column":16}},"loc":{"start":{"line":214,"column":19},"end":{"line":219,"column":3}},"line":214}},"branchMap":{"0":{"loc":{"start":{"line":33,"column":4},"end":{"line":36,"column":5}},"type":"if","locations":[{"start":{"line":33,"column":4},"end":{"line":36,"column":5}},{"start":{},"end":{}}],"line":33},"1":{"loc":{"start":{"line":57,"column":4},"end":{"line":60,"column":5}},"type":"if","locations":[{"start":{"line":57,"column":4},"end":{"line":60,"column":5}},{"start":{},"end":{}}],"line":57},"2":{"loc":{"start":{"line":82,"column":6},"end":{"line":89,"column":7}},"type":"if","locations":[{"start":{"line":82,"column":6},"end":{"line":89,"column":7}},{"start":{},"end":{}}],"line":82},"3":{"loc":{"start":{"line":97,"column":6},"end":{"line":100,"column":7}},"type":"if","locations":[{"start":{"line":97,"column":6},"end":{"line":100,"column":7}},{"start":{},"end":{}}],"line":97},"4":{"loc":{"start":{"line":103,"column":6},"end":{"line":113,"column":7}},"type":"if","locations":[{"start":{"line":103,"column":6},"end":{"line":113,"column":7}},{"start":{},"end":{}}],"line":103},"5":{"loc":{"start":{"line":166,"column":35},"end":{"line":166,"column":50}},"type":"default-arg","locations":[{"start":{"line":166,"column":46},"end":{"line":166,"column":50}}],"line":166},"6":{"loc":{"start":{"line":169,"column":6},"end":{"line":171,"column":7}},"type":"if","locations":[{"start":{"line":169,"column":6},"end":{"line":171,"column":7}},{"start":{},"end":{}}],"line":169},"7":{"loc":{"start":{"line":176,"column":6},"end":{"line":180,"column":7}},"type":"if","locations":[{"start":{"line":176,"column":6},"end":{"line":180,"column":7}},{"start":{},"end":{}}],"line":176},"8":{"loc":{"start":{"line":215,"column":4},"end":{"line":217,"column":5}},"type":"if","locations":[{"start":{"line":215,"column":4},"end":{"line":217,"column":5}},{"start":{},"end":{}}],"line":215}},"s":{"0":1,"1":1,"2":1,"3":1,"4":1,"5":1,"6":1,"7":1,"8":13,"9":1,"10":1,"11":12,"12":12,"13":12,"14":12,"15":12,"16":7,"17":12,"18":41,"19":12,"20":12,"21":41,"22":41,"23":41,"24":41,"25":20,"26":20,"27":12,"28":12,"29":12,"30":11,"31":9,"32":11,"33":8,"34":8,"35":8,"36":1,"37":8,"38":8,"39":8,"40":1,"41":8,"42":12,"43":12,"44":12,"45":9,"46":12,"47":12,"48":1,"49":11,"50":2,"51":3,"52":3,"53":2,"54":2,"55":2,"56":2,"57":2,"58":2,"59":2,"60":2,"61":2,"62":1,"63":1,"64":1,"65":1,"66":1,"67":1,"68":1,"69":1,"70":1,"71":1},"f":{"0":1,"1":13,"2":7,"3":41,"4":20,"5":9,"6":1,"7":12,"8":9,"9":11,"10":2,"11":3,"12":2,"13":1,"14":1,"15":1},"b":{"0":[1,12],"1":[12,29],"2":[11,1],"3":[1,7],"4":[8,0],"5":[3],"6":[2,1],"7":[2,0],"8":[1,0]},"meta":{"lastBranch":9,"lastFunction":16,"lastStatement":72,"seen":{"s:15:25:15:29":0,"s:16:31:16:54":1,"s:17:34:17:66":2,"f:20:2:20:13":0,"s:21:4:21:32":3,"s:22:4:22:27":4,"s:23:4:23:33":5,"s:24:4:24:24":6,"s:25:4:25:34":7,"f:32:2:32:14":1,"b:33:4:36:5:undefined:undefined:undefined:undefined":0,"s:33:4:36:5":8,"s:34:6:34:57":9,"s:35:6:35:13":10,"s:38:4:38:37":11,"s:39:4:39:26":12,"s:40:4:40:24":13,"s:43:4:43:27":14,"s:46:4:48:25":15,"f:46:39:46:40":2,"s:47:6:47:29":16,"s:50:4:50:63":17,"f:56:2:56:13":3,"b:57:4:60:5:undefined:undefined:undefined:undefined":1,"s:57:4:60:5":18,"s:58:6:58:42":19,"s:59:6:59:34":20,"s:61:4:61:27":21,"s:62:4:62:33":22,"s:63:4:63:24":23,"s:64:4:64:48":24,"f:71:8:71:23":4,"s:72:4:114:5":25,"s:73:28:73:56":26,"s:76:6:76:26":27,"s:79:6:79:39":28,"b:82:6:89:7:undefined:undefined:undefined:undefined":2,"s:82:6:89:7":29,"s:83:28:83:83":30,"f:83:49:83:50":5,"s:83:54:83:75":31,"s:84:8:88:11":32,"s:91:6:91:24":33,"s:94:6:94:124":34,"b:97:6:100:7:undefined:undefined:undefined:undefined":3,"s:97:6:100:7":35,"s:98:8:98:101":36,"b:103:6:113:7:undefined:undefined:undefined:undefined":4,"s:103:6:113:7":37,"s:104:23:104:52":38,"s:105:28:105:76":39,"f:105:42:105:43":6,"s:105:47:105:68":40,"s:106:8:112:11":41,"f:121:2:121:14":7,"s:122:4:137:5":42,"s:124:6:124:57":43,"s:127:23:131:7":44,"f:130:42:130:43":8,"s:130:47:130:68":45,"s:132:6:132:55":46,"s:134:6:134:99":47,"s:136:6:136:59":48,"f:144:2:144:24":9,"s:145:4:145:51":49,"f:152:2:152:19":10,"s:153:4:157:7":50,"f:166:8:166:18":11,"b:166:46:166:50":5,"s:167:4:186:5":51,"b:169:6:171:7:undefined:undefined:undefined:undefined":6,"s:169:6:171:7":52,"s:170:8:170:55":53,"s:174:21:174:50":54,"s:175:27:175:68":55,"f:175:39:175:40":12,"s:175:44:175:67":56,"b:176:6:180:7:undefined:undefined:undefined:undefined":7,"s:176:6:180:7":57,"s:177:8:177:37":58,"s:178:8:178:55":59,"s:179:8:179:52":60,"s:182:6:182:31":61,"s:184:6:184:83":62,"s:185:6:185:52":63,"f:192:2:192:12":13,"s:193:4:193:43":64,"s:194:4:194:46":65,"s:195:4:195:46":66,"f:202:2:202:11":14,"s:203:4:208:6":67,"f:214:8:214:16":15,"b:215:4:217:5:undefined:undefined:undefined:undefined":8,"s:215:4:217:5":68,"s:216:6:216:68":69,"s:218:4:218:33":70,"s:223:28:223:53":71},"fnNames":{}}}
,"F:\\Downloads\\Kalinga\\kalinga\\client\\src\\services\\offlineQueue.js": {"path":"F:\\Downloads\\Kalinga\\kalinga\\client\\src\\services\\offlineQueue.js","statementMap":{"0":{"start":{"line":5,"column":18},"end":{"line":5,"column":41}},"1":{"start":{"line":6,"column":28},"end":{"line":6,"column":43}},"2":{"start":{"line":8,"column":28},"end":{"line":283,"column":1}},"3":{"start":{"line":10,"column":4},"end":{"line":10,"column":38}},"4":{"start":{"line":15,"column":23},"end":{"line":15,"column":63}},"5":{"start":{"line":17,"column":4},"end":{"line":20,"column":5}},"6":{"start":{"line":18,"column":6},"end":{"line":18,"column":86}},"7":{"start":{"line":19,"column":6},"end":{"line":19,"column":93}},"8":{"start":{"line":22,"column":4},"end":{"line":46,"column":5}},"9":{"start":{"line":23,"column":20},"end":{"line":23,"column":35}},"10":{"start":{"line":25,"column":23},"end":{"line":25,"column":64}},"11":{"start":{"line":25,"column":44},"end":{"line":25,"column":63}},"12":{"start":{"line":26,"column":6},"end":{"line":26,"column":26}},"13":{"start":{"line":29,"column":20},"end":{"line":36,"column":7}},"14":{"start":{"line":33,"column":10},"end":{"line":33,"column":76}},"15":{"start":{"line":34,"column":10},"end":{"line":34,"column":107}},"16":{"start":{"line":38,"column":6},"end":{"line":40,"column":7}},"17":{"start":{"line":39,"column":8},"end":{"line":39,"column":71}},"18":{"start":{"line":42,"column":6},"end":{"line":42,"column":29}},"19":{"start":{"line":45,"column":6},"end":{"line":45,"column":47}},"20":{"start":{"line":51,"column":23},"end":{"line":51,"column":63}},"21":{"start":{"line":53,"column":4},"end":{"line":56,"column":5}},"22":{"start":{"line":54,"column":6},"end":{"line":54,"column":86}},"23":{"start":{"line":55,"column":6},"end":{"line":55,"column":93}},"24":{"start":{"line":58,"column":4},"end":{"line":66,"column":5}},"25":{"start":{"line":59,"column":20},"end":{"line":59,"column":35}},"26":{"start":{"line":60,"column":23},"end":{"line":60,"column":63}},"27":{"start":{"line":60,"column":44},"end":{"line":60,"column":62}},"28":{"start":{"line":61,"column":6},"end":{"line":61,"column":39}},"29":{"start":{"line":62,"column":6},"end":{"line":62,"column":29}},"30":{"start":{"line":65,"column":6},"end":{"line":65,"column":47}},"31":{"start":{"line":71,"column":23},"end":{"line":71,"column":63}},"32":{"start":{"line":73,"column":4},"end":{"line":76,"column":5}},"33":{"start":{"line":74,"column":6},"end":{"line":74,"column":84}},"34":{"start":{"line":75,"column":6},"end":{"line":75,"column":93}},"35":{"start":{"line":78,"column":4},"end":{"line":83,"column":5}},"36":{"start":{"line":79,"column":6},"end":{"line":79,"column":32}},"37":{"start":{"line":82,"column":6},"end":{"line":82,"column":47}},"38":{"start":{"line":88,"column":19},"end":{"line":88,"column":63}},"39":{"start":{"line":89,"column":4},"end":{"line":89,"column":18}},"40":{"start":{"line":94,"column":19},"end":{"line":94,"column":63}},"41":{"start":{"line":95,"column":4},"end":{"line":100,"column":5}},"42":{"start":{"line":96,"column":6},"end":{"line":99,"column":8}},"43":{"start":{"line":102,"column":29},"end":{"line":102,"column":67}},"44":{"start":{"line":103,"column":4},"end":{"line":109,"column":6}},"45":{"start":{"line":114,"column":20},"end":{"line":114,"column":57}},"46":{"start":{"line":115,"column":4},"end":{"line":121,"column":5}},"47":{"start":{"line":116,"column":6},"end":{"line":116,"column":39}},"48":{"start":{"line":117,"column":6},"end":{"line":117,"column":70}},"49":{"start":{"line":119,"column":6},"end":{"line":119,"column":58}},"50":{"start":{"line":120,"column":6},"end":{"line":120,"column":52}},"51":{"start":{"line":128,"column":23},"end":{"line":128,"column":63}},"52":{"start":{"line":130,"column":4},"end":{"line":137,"column":5}},"53":{"start":{"line":131,"column":6},"end":{"line":131,"column":83}},"54":{"start":{"line":132,"column":6},"end":{"line":136,"column":8}},"55":{"start":{"line":139,"column":4},"end":{"line":211,"column":5}},"56":{"start":{"line":140,"column":20},"end":{"line":140,"column":35}},"57":{"start":{"line":141,"column":6},"end":{"line":143,"column":7}},"58":{"start":{"line":142,"column":8},"end":{"line":142,"column":59}},"59":{"start":{"line":145,"column":24},"end":{"line":145,"column":26}},"60":{"start":{"line":146,"column":21},"end":{"line":146,"column":23}},"61":{"start":{"line":147,"column":20},"end":{"line":147,"column":32}},"62":{"start":{"line":150,"column":28},"end":{"line":150,"column":38}},"63":{"start":{"line":152,"column":6},"end":{"line":187,"column":7}},"64":{"start":{"line":152,"column":19},"end":{"line":152,"column":20}},"65":{"start":{"line":153,"column":21},"end":{"line":153,"column":37}},"66":{"start":{"line":154,"column":24},"end":{"line":154,"column":29}},"67":{"start":{"line":157,"column":8},"end":{"line":162,"column":9}},"68":{"start":{"line":158,"column":10},"end":{"line":161,"column":13}},"69":{"start":{"line":164,"column":8},"end":{"line":186,"column":9}},"70":{"start":{"line":166,"column":10},"end":{"line":168,"column":11}},"71":{"start":{"line":167,"column":12},"end":{"line":167,"column":52}},"72":{"start":{"line":171,"column":10},"end":{"line":174,"column":13}},"73":{"start":{"line":176,"column":10},"end":{"line":176,"column":34}},"74":{"start":{"line":178,"column":10},"end":{"line":178,"column":64}},"75":{"start":{"line":179,"column":31},"end":{"line":179,"column":70}},"76":{"start":{"line":180,"column":10},"end":{"line":185,"column":13}},"77":{"start":{"line":190,"column":27},"end":{"line":190,"column":42}},"78":{"start":{"line":191,"column":6},"end":{"line":191,"column":83}},"79":{"start":{"line":191,"column":53},"end":{"line":191,"column":81}},"80":{"start":{"line":192,"column":6},"end":{"line":192,"column":45}},"81":{"start":{"line":194,"column":6},"end":{"line":201,"column":7}},"82":{"start":{"line":195,"column":8},"end":{"line":200,"column":10}},"83":{"start":{"line":203,"column":6},"end":{"line":207,"column":8}},"84":{"start":{"line":210,"column":6},"end":{"line":210,"column":47}},"85":{"start":{"line":216,"column":18},"end":{"line":216,"column":33}},"86":{"start":{"line":219,"column":4},"end":{"line":219,"column":17}},"87":{"start":{"line":224,"column":23},"end":{"line":224,"column":63}},"88":{"start":{"line":226,"column":4},"end":{"line":231,"column":5}},"89":{"start":{"line":227,"column":6},"end":{"line":230,"column":8}},"90":{"start":{"line":233,"column":4},"end":{"line":281,"column":5}},"91":{"start":{"line":234,"column":20},"end":{"line":234,"column":35}},"92":{"start":{"line":235,"column":19},"end":{"line":235,"column":51}},"93":{"start":{"line":235,"column":35},"end":{"line":235,"column":50}},"94":{"start":{"line":237,"column":6},"end":{"line":242,"column":7}},"95":{"start":{"line":238,"column":8},"end":{"line":241,"column":10}},"96":{"start":{"line":244,"column":6},"end":{"line":249,"column":7}},"97":{"start":{"line":245,"column":8},"end":{"line":248,"column":11}},"98":{"start":{"line":251,"column":6},"end":{"line":278,"column":7}},"99":{"start":{"line":253,"column":8},"end":{"line":255,"column":9}},"100":{"start":{"line":254,"column":10},"end":{"line":254,"column":50}},"101":{"start":{"line":258,"column":8},"end":{"line":261,"column":11}},"102":{"start":{"line":264,"column":31},"end":{"line":264,"column":65}},"103":{"start":{"line":264,"column":49},"end":{"line":264,"column":64}},"104":{"start":{"line":265,"column":8},"end":{"line":265,"column":47}},"105":{"start":{"line":267,"column":8},"end":{"line":270,"column":10}},"106":{"start":{"line":272,"column":8},"end":{"line":272,"column":62}},"107":{"start":{"line":273,"column":8},"end":{"line":277,"column":10}},"108":{"start":{"line":280,"column":6},"end":{"line":280,"column":47}}},"fnMap":{"0":{"name":"getQueue","decl":{"start":{"line":9,"column":2},"end":{"line":9,"column":10}},"loc":{"start":{"line":9,"column":13},"end":{"line":11,"column":3}},"line":9},"1":{"name":"enqueue","decl":{"start":{"line":13,"column":2},"end":{"line":13,"column":9}},"loc":{"start":{"line":13,"column":16},"end":{"line":47,"column":3}},"line":13},"2":{"name":"(anonymous_2)","decl":{"start":{"line":25,"column":36},"end":{"line":25,"column":40}},"loc":{"start":{"line":25,"column":44},"end":{"line":25,"column":63}},"line":25},"3":{"name":"(anonymous_3)","decl":{"start":{"line":32,"column":8},"end":{"line":32,"column":9}},"loc":{"start":{"line":32,"column":35},"end":{"line":35,"column":9}},"line":32},"4":{"name":"dequeue","decl":{"start":{"line":49,"column":2},"end":{"line":49,"column":9}},"loc":{"start":{"line":49,"column":18},"end":{"line":67,"column":3}},"line":49},"5":{"name":"(anonymous_5)","decl":{"start":{"line":60,"column":36},"end":{"line":60,"column":40}},"loc":{"start":{"line":60,"column":44},"end":{"line":60,"column":62}},"line":60},"6":{"name":"clearQueue","decl":{"start":{"line":69,"column":2},"end":{"line":69,"column":12}},"loc":{"start":{"line":69,"column":15},"end":{"line":84,"column":3}},"line":69},"7":{"name":"isLocked","decl":{"start":{"line":87,"column":2},"end":{"line":87,"column":10}},"loc":{"start":{"line":87,"column":13},"end":{"line":90,"column":3}},"line":87},"8":{"name":"getLockInfo","decl":{"start":{"line":93,"column":2},"end":{"line":93,"column":13}},"loc":{"start":{"line":93,"column":16},"end":{"line":110,"column":3}},"line":93},"9":{"name":"forceReleaseLock","decl":{"start":{"line":113,"column":2},"end":{"line":113,"column":18}},"loc":{"start":{"line":113,"column":21},"end":{"line":122,"column":3}},"line":113},"10":{"name":"syncQueue","decl":{"start":{"line":126,"column":8},"end":{"line":126,"column":17}},"loc":{"start":{"line":126,"column":37},"end":{"line":212,"column":3}},"line":126},"11":{"name":"(anonymous_11)","decl":{"start":{"line":191,"column":45},"end":{"line":191,"column":49}},"loc":{"start":{"line":191,"column":53},"end":{"line":191,"column":81}},"line":191},"12":{"name":"getFailedUploads","decl":{"start":{"line":215,"column":2},"end":{"line":215,"column":18}},"loc":{"start":{"line":215,"column":21},"end":{"line":220,"column":3}},"line":215},"13":{"name":"retryUpload","decl":{"start":{"line":223,"column":8},"end":{"line":223,"column":19}},"loc":{"start":{"line":223,"column":47},"end":{"line":282,"column":3}},"line":223},"14":{"name":"(anonymous_14)","decl":{"start":{"line":235,"column":30},"end":{"line":235,"column":31}},"loc":{"start":{"line":235,"column":35},"end":{"line":235,"column":50}},"line":235},"15":{"name":"(anonymous_15)","decl":{"start":{"line":264,"column":44},"end":{"line":264,"column":45}},"loc":{"start":{"line":264,"column":49},"end":{"line":264,"column":64}},"line":264}},"branchMap":{"0":{"loc":{"start":{"line":17,"column":4},"end":{"line":20,"column":5}},"type":"if","locations":[{"start":{"line":17,"column":4},"end":{"line":20,"column":5}},{"start":{},"end":{}}],"line":17},"1":{"loc":{"start":{"line":38,"column":6},"end":{"line":40,"column":7}},"type":"if","locations":[{"start":{"line":38,"column":6},"end":{"line":40,"column":7}},{"start":{},"end":{}}],"line":38},"2":{"loc":{"start":{"line":39,"column":24},"end":{"line":39,"column":69}},"type":"binary-expr","locations":[{"start":{"line":39,"column":24},"end":{"line":39,"column":38}},{"start":{"line":39,"column":42},"end":{"line":39,"column":69}}],"line":39},"3":{"loc":{"start":{"line":53,"column":4},"end":{"line":56,"column":5}},"type":"if","locations":[{"start":{"line":53,"column":4},"end":{"line":56,"column":5}},{"start":{},"end":{}}],"line":53},"4":{"loc":{"start":{"line":73,"column":4},"end":{"line":76,"column":5}},"type":"if","locations":[{"start":{"line":73,"column":4},"end":{"line":76,"column":5}},{"start":{},"end":{}}],"line":73},"5":{"loc":{"start":{"line":95,"column":4},"end":{"line":100,"column":5}},"type":"if","locations":[{"start":{"line":95,"column":4},"end":{"line":100,"column":5}},{"start":{},"end":{}}],"line":95},"6":{"loc":{"start":{"line":126,"column":18},"end":{"line":126,"column":35}},"type":"default-arg","locations":[{"start":{"line":126,"column":31},"end":{"line":126,"column":35}}],"line":126},"7":{"loc":{"start":{"line":130,"column":4},"end":{"line":137,"column":5}},"type":"if","locations":[{"start":{"line":130,"column":4},"end":{"line":137,"column":5}},{"start":{},"end":{}}],"line":130},"8":{"loc":{"start":{"line":141,"column":6},"end":{"line":143,"column":7}},"type":"if","locations":[{"start":{"line":141,"column":6},"end":{"line":143,"column":7}},{"start":{},"end":{}}],"line":141},"9":{"loc":{"start":{"line":157,"column":8},"end":{"line":162,"column":9}},"type":"if","locations":[{"start":{"line":157,"column":8},"end":{"line":162,"column":9}},{"start":{},"end":{}}],"line":157},"10":{"loc":{"start":{"line":159,"column":25},"end":{"line":159,"column":104}},"type":"cond-expr","locations":[{"start":{"line":159,"column":40},"end":{"line":159,"column":92}},{"start":{"line":159,"column":95},"end":{"line":159,"column":104}}],"line":159},"11":{"loc":{"start":{"line":166,"column":10},"end":{"line":168,"column":11}},"type":"if","locations":[{"start":{"line":166,"column":10},"end":{"line":168,"column":11}},{"start":{},"end":{}}],"line":166},"12":{"loc":{"start":{"line":179,"column":31},"end":{"line":179,"column":70}},"type":"binary-expr","locations":[{"start":{"line":179,"column":31},"end":{"line":179,"column":42}},{"start":{"line":179,"column":46},"end":{"line":179,"column":70}}],"line":179},"13":{"loc":{"start":{"line":183,"column":25},"end":{"line":183,"column":104}},"type":"cond-expr","locations":[{"start":{"line":183,"column":40},"end":{"line":183,"column":92}},{"start":{"line":183,"column":95},"end":{"line":183,"column":104}}],"line":183},"14":{"loc":{"start":{"line":194,"column":6},"end":{"line":201,"column":7}},"type":"if","locations":[{"start":{"line":194,"column":6},"end":{"line":201,"column":7}},{"start":{},"end":{}}],"line":194},"15":{"loc":{"start":{"line":223,"column":28},"end":{"line":223,"column":45}},"type":"default-arg","locations":[{"start":{"line":223,"column":41},"end":{"line":223,"column":45}}],"line":223},"16":{"loc":{"start":{"line":226,"column":4},"end":{"line":231,"column":5}},"type":"if","locations":[{"start":{"line":226,"column":4},"end":{"line":231,"column":5}},{"start":{},"end":{}}],"line":226},"17":{"loc":{"start":{"line":237,"column":6},"end":{"line":242,"column":7}},"type":"if","locations":[{"start":{"line":237,"column":6},"end":{"line":242,"column":7}},{"start":{},"end":{}}],"line":237},"18":{"loc":{"start":{"line":244,"column":6},"end":{"line":249,"column":7}},"type":"if","locations":[{"start":{"line":244,"column":6},"end":{"line":249,"column":7}},{"start":{},"end":{}}],"line":244},"19":{"loc":{"start":{"line":246,"column":23},"end":{"line":246,"column":102}},"type":"cond-expr","locations":[{"start":{"line":246,"column":38},"end":{"line":246,"column":90}},{"start":{"line":246,"column":93},"end":{"line":246,"column":102}}],"line":246},"20":{"loc":{"start":{"line":253,"column":8},"end":{"line":255,"column":9}},"type":"if","locations":[{"start":{"line":253,"column":8},"end":{"line":255,"column":9}},{"start":{},"end":{}}],"line":253},"21":{"loc":{"start":{"line":275,"column":17},"end":{"line":275,"column":56}},"type":"binary-expr","locations":[{"start":{"line":275,"column":17},"end":{"line":275,"column":28}},{"start":{"line":275,"column":32},"end":{"line":275,"column":56}}],"line":275}},"s":{"0":2,"1":2,"2":2,"3":40,"4":14,"5":14,"6":1,"7":1,"8":13,"9":13,"10":13,"11":5,"12":13,"13":13,"14":0,"15":0,"16":13,"17":0,"18":13,"19":13,"20":3,"21":3,"22":1,"23":1,"24":2,"25":2,"26":2,"27":3,"28":2,"29":2,"30":2,"31":2,"32":2,"33":1,"34":1,"35":1,"36":1,"37":1,"38":7,"39":7,"40":2,"41":2,"42":1,"43":1,"44":1,"45":1,"46":1,"47":1,"48":1,"49":0,"50":0,"51":7,"52":7,"53":1,"54":1,"55":6,"56":6,"57":6,"58":0,"59":6,"60":6,"61":6,"62":6,"63":6,"64":6,"65":14,"66":14,"67":14,"68":3,"69":14,"70":14,"71":14,"72":14,"73":9,"74":5,"75":5,"76":5,"77":6,"78":6,"79":14,"80":6,"81":6,"82":3,"83":3,"84":6,"85":2,"86":2,"87":4,"88":4,"89":1,"90":3,"91":3,"92":3,"93":2,"94":3,"95":1,"96":2,"97":1,"98":2,"99":2,"100":2,"101":2,"102":1,"103":1,"104":1,"105":1,"106":1,"107":1,"108":3},"f":{"0":40,"1":14,"2":5,"3":0,"4":3,"5":3,"6":2,"7":7,"8":2,"9":1,"10":7,"11":14,"12":2,"13":4,"14":2,"15":1},"b":{"0":[1,13],"1":[0,13],"2":[0,0],"3":[1,2],"4":[1,1],"5":[1,1],"6":[7],"7":[1,6],"8":[0,6],"9":[3,11],"10":[3,0],"11":[14,0],"12":[5,0],"13":[5,0],"14":[3,3],"15":[4],"16":[1,3],"17":[1,2],"18":[1,1],"19":[1,0],"20":[2,0],"21":[1,0]},"meta":{"lastBranch":22,"lastFunction":16,"lastStatement":109,"seen":{"s:5:18:5:41":0,"s:6:28:6:43":1,"s:8:28:283:1":2,"f:9:2:9:10":0,"s:10:4:10:38":3,"f:13:2:13:9":1,"s:15:23:15:63":4,"b:17:4:20:5:undefined:undefined:undefined:undefined":0,"s:17:4:20:5":5,"s:18:6:18:86":6,"s:19:6:19:93":7,"s:22:4:46:5":8,"s:23:20:23:35":9,"s:25:23:25:64":10,"f:25:36:25:40":2,"s:25:44:25:63":11,"s:26:6:26:26":12,"s:29:20:36:7":13,"f:32:8:32:9":3,"s:33:10:33:76":14,"s:34:10:34:107":15,"b:38:6:40:7:undefined:undefined:undefined:undefined":1,"s:38:6:40:7":16,"s:39:8:39:71":17,"b:39:24:39:38:39:42:39:69":2,"s:42:6:42:29":18,"s:45:6:45:47":19,"f:49:2:49:9":4,"s:51:23:51:63":20,"b:53:4:56:5:undefined:undefined:undefined:undefined":3,"s:53:4:56:5":21,"s:54:6:54:86":22,"s:55:6:55:93":23,"s:58:4:66:5":24,"s:59:20:59:35":25,"s:60:23:60:63":26,"f:60:36:60:40":5,"s:60:44:60:62":27,"s:61:6:61:39":28,"s:62:6:62:29":29,"s:65:6:65:47":30,"f:69:2:69:12":6,"s:71:23:71:63":31,"b:73:4:76:5:undefined:undefined:undefined:undefined":4,"s:73:4:76:5":32,"s:74:6:74:84":33,"s:75:6:75:93":34,"s:78:4:83:5":35,"s:79:6:79:32":36,"s:82:6:82:47":37,"f:87:2:87:10":7,"s:88:19:88:63":38,"s:89:4:89:18":39,"f:93:2:93:13":8,"s:94:19:94:63":40,"b:95:4:100:5:undefined:undefined:undefined:undefined":5,"s:95:4:100:5":41,"s:96:6:99:8":42,"s:102:29:102:67":43,"s:103:4:109:6":44,"f:113:2:113:18":9,"s:114:20:114:57":45,"s:115:4:121:5":46,"s:116:6:116:39":47,"s:117:6:117:70":48,"s:119:6:119:58":49,"s:120:6:120:52":50,"f:126:8:126:17":10,"b:126:31:126:35":6,"s:128:23:128:63":51,"b:130:4:137:5:undefined:undefined:undefined:undefined":7,"s:130:4:137:5":52,"s:131:6:131:83":53,"s:132:6:136:8":54,"s:139:4:211:5":55,"s:140:20:140:35":56,"b:141:6:143:7:undefined:undefined:undefined:undefined":8,"s:141:6:143:7":57,"s:142:8:142:59":58,"s:145:24:145:26":59,"s:146:21:146:23":60,"s:147:20:147:32":61,"s:150:28:150:38":62,"s:152:6:187:7":63,"s:152:19:152:20":64,"s:153:21:153:37":65,"s:154:24:154:29":66,"b:157:8:162:9:undefined:undefined:undefined:undefined":9,"s:157:8:162:9":67,"s:158:10:161:13":68,"b:159:40:159:92:159:95:159:104":10,"s:164:8:186:9":69,"b:166:10:168:11:undefined:undefined:undefined:undefined":11,"s:166:10:168:11":70,"s:167:12:167:52":71,"s:171:10:174:13":72,"s:176:10:176:34":73,"s:178:10:178:64":74,"s:179:31:179:70":75,"b:179:31:179:42:179:46:179:70":12,"s:180:10:185:13":76,"b:183:40:183:92:183:95:183:104":13,"s:190:27:190:42":77,"s:191:6:191:83":78,"f:191:45:191:49":11,"s:191:53:191:81":79,"s:192:6:192:45":80,"b:194:6:201:7:undefined:undefined:undefined:undefined":14,"s:194:6:201:7":81,"s:195:8:200:10":82,"s:203:6:207:8":83,"s:210:6:210:47":84,"f:215:2:215:18":12,"s:216:18:216:33":85,"s:219:4:219:17":86,"f:223:8:223:19":13,"b:223:41:223:45":15,"s:224:23:224:63":87,"b:226:4:231:5:undefined:undefined:undefined:undefined":16,"s:226:4:231:5":88,"s:227:6:230:8":89,"s:233:4:281:5":90,"s:234:20:234:35":91,"s:235:19:235:51":92,"f:235:30:235:31":14,"s:235:35:235:50":93,"b:237:6:242:7:undefined:undefined:undefined:undefined":17,"s:237:6:242:7":94,"s:238:8:241:10":95,"b:244:6:249:7:undefined:undefined:undefined:undefined":18,"s:244:6:249:7":96,"s:245:8:248:11":97,"b:246:38:246:90:246:93:246:102":19,"s:251:6:278:7":98,"b:253:8:255:9:undefined:undefined:undefined:undefined":20,"s:253:8:255:9":99,"s:254:10:254:50":100,"s:258:8:261:11":101,"s:264:31:264:65":102,"f:264:44:264:45":15,"s:264:49:264:64":103,"s:265:8:265:47":104,"s:267:8:270:10":105,"s:272:8:272:62":106,"s:273:8:277:10":107,"b:275:17:275:28:275:32:275:56":21,"s:280:6:280:47":108},"fnNames":{}}}
,"F:\\Downloads\\Kalinga\\kalinga\\client\\src\\services\\storage.js": {"path":"F:\\Downloads\\Kalinga\\kalinga\\client\\src\\services\\storage.js","statementMap":{"0":{"start":{"line":3,"column":24},"end":{"line":3,"column":39}},"1":{"start":{"line":4,"column":21},"end":{"line":4,"column":26}},"2":{"start":{"line":6,"column":16},"end":{"line":210,"column":1}},"3":{"start":{"line":8,"column":4},"end":{"line":14,"column":5}},"4":{"start":{"line":9,"column":19},"end":{"line":9,"column":44}},"5":{"start":{"line":10,"column":6},"end":{"line":10,"column":52}},"6":{"start":{"line":12,"column":6},"end":{"line":12,"column":72}},"7":{"start":{"line":13,"column":6},"end":{"line":13,"column":26}},"8":{"start":{"line":18,"column":4},"end":{"line":38,"column":5}},"9":{"start":{"line":19,"column":6},"end":{"line":19,"column":55}},"10":{"start":{"line":20,"column":6},"end":{"line":20,"column":31}},"11":{"start":{"line":22,"column":6},"end":{"line":22,"column":70}},"12":{"start":{"line":25,"column":6},"end":{"line":31,"column":7}},"13":{"start":{"line":26,"column":8},"end":{"line":30,"column":10}},"14":{"start":{"line":33,"column":6},"end":{"line":37,"column":8}},"15":{"start":{"line":42,"column":4},"end":{"line":48,"column":5}},"16":{"start":{"line":43,"column":6},"end":{"line":43,"column":35}},"17":{"start":{"line":44,"column":6},"end":{"line":44,"column":18}},"18":{"start":{"line":46,"column":6},"end":{"line":46,"column":73}},"19":{"start":{"line":47,"column":6},"end":{"line":47,"column":19}},"20":{"start":{"line":53,"column":20},"end":{"line":53,"column":51}},"21":{"start":{"line":54,"column":16},"end":{"line":54,"column":26}},"22":{"start":{"line":56,"column":4},"end":{"line":98,"column":5}},"23":{"start":{"line":57,"column":27},"end":{"line":57,"column":56}},"24":{"start":{"line":59,"column":6},"end":{"line":75,"column":7}},"25":{"start":{"line":60,"column":25},"end":{"line":60,"column":49}},"26":{"start":{"line":61,"column":24},"end":{"line":61,"column":48}},"27":{"start":{"line":64,"column":8},"end":{"line":74,"column":9}},"28":{"start":{"line":65,"column":10},"end":{"line":65,"column":74}},"29":{"start":{"line":66,"column":10},"end":{"line":70,"column":12}},"30":{"start":{"line":72,"column":10},"end":{"line":72,"column":87}},"31":{"start":{"line":78,"column":24},"end":{"line":78,"column":44}},"32":{"start":{"line":79,"column":23},"end":{"line":83,"column":7}},"33":{"start":{"line":85,"column":6},"end":{"line":85,"column":62}},"34":{"start":{"line":87,"column":6},"end":{"line":91,"column":8}},"35":{"start":{"line":93,"column":6},"end":{"line":93,"column":66}},"36":{"start":{"line":94,"column":6},"end":{"line":97,"column":8}},"37":{"start":{"line":102,"column":20},"end":{"line":102,"column":51}},"38":{"start":{"line":104,"column":4},"end":{"line":132,"column":5}},"39":{"start":{"line":105,"column":27},"end":{"line":105,"column":56}},"40":{"start":{"line":107,"column":6},"end":{"line":123,"column":7}},"41":{"start":{"line":108,"column":25},"end":{"line":108,"column":49}},"42":{"start":{"line":109,"column":33},"end":{"line":109,"column":53}},"43":{"start":{"line":112,"column":8},"end":{"line":122,"column":9}},"44":{"start":{"line":113,"column":10},"end":{"line":113,"column":43}},"45":{"start":{"line":114,"column":10},"end":{"line":114,"column":36}},"46":{"start":{"line":116,"column":10},"end":{"line":116,"column":91}},"47":{"start":{"line":117,"column":10},"end":{"line":121,"column":12}},"48":{"start":{"line":125,"column":6},"end":{"line":125,"column":51}},"49":{"start":{"line":127,"column":6},"end":{"line":127,"column":66}},"50":{"start":{"line":128,"column":6},"end":{"line":131,"column":8}},"51":{"start":{"line":136,"column":20},"end":{"line":136,"column":51}},"52":{"start":{"line":137,"column":16},"end":{"line":137,"column":26}},"53":{"start":{"line":139,"column":4},"end":{"line":166,"column":5}},"54":{"start":{"line":140,"column":27},"end":{"line":140,"column":56}},"55":{"start":{"line":142,"column":6},"end":{"line":144,"column":7}},"56":{"start":{"line":143,"column":8},"end":{"line":143,"column":33}},"57":{"start":{"line":146,"column":23},"end":{"line":146,"column":47}},"58":{"start":{"line":147,"column":22},"end":{"line":147,"column":46}},"59":{"start":{"line":149,"column":6},"end":{"line":155,"column":7}},"60":{"start":{"line":150,"column":8},"end":{"line":154,"column":10}},"61":{"start":{"line":157,"column":6},"end":{"line":162,"column":8}},"62":{"start":{"line":164,"column":6},"end":{"line":164,"column":72}},"63":{"start":{"line":165,"column":6},"end":{"line":165,"column":51}},"64":{"start":{"line":171,"column":23},"end":{"line":171,"column":43}},"65":{"start":{"line":172,"column":20},"end":{"line":172,"column":54}},"66":{"start":{"line":174,"column":4},"end":{"line":178,"column":5}},"67":{"start":{"line":176,"column":6},"end":{"line":176,"column":94}},"68":{"start":{"line":177,"column":6},"end":{"line":177,"column":52}},"69":{"start":{"line":180,"column":4},"end":{"line":180,"column":21}},"70":{"start":{"line":185,"column":4},"end":{"line":185,"column":32}},"71":{"start":{"line":190,"column":4},"end":{"line":208,"column":5}},"72":{"start":{"line":191,"column":19},"end":{"line":191,"column":44}},"73":{"start":{"line":192,"column":23},"end":{"line":192,"column":74}},"74":{"start":{"line":192,"column":42},"end":{"line":192,"column":73}},"75":{"start":{"line":194,"column":6},"end":{"line":196,"column":9}},"76":{"start":{"line":195,"column":8},"end":{"line":195,"column":37}},"77":{"start":{"line":198,"column":6},"end":{"line":201,"column":8}},"78":{"start":{"line":203,"column":6},"end":{"line":203,"column":55}},"79":{"start":{"line":204,"column":6},"end":{"line":207,"column":8}}},"fnMap":{"0":{"name":"get","decl":{"start":{"line":7,"column":2},"end":{"line":7,"column":5}},"loc":{"start":{"line":7,"column":32},"end":{"line":15,"column":3}},"line":7},"1":{"name":"set","decl":{"start":{"line":17,"column":2},"end":{"line":17,"column":5}},"loc":{"start":{"line":17,"column":18},"end":{"line":39,"column":3}},"line":17},"2":{"name":"remove","decl":{"start":{"line":41,"column":2},"end":{"line":41,"column":8}},"loc":{"start":{"line":41,"column":14},"end":{"line":49,"column":3}},"line":41},"3":{"name":"acquireLock","decl":{"start":{"line":52,"column":2},"end":{"line":52,"column":13}},"loc":{"start":{"line":52,"column":24},"end":{"line":99,"column":3}},"line":52},"4":{"name":"releaseLock","decl":{"start":{"line":101,"column":2},"end":{"line":101,"column":13}},"loc":{"start":{"line":101,"column":24},"end":{"line":133,"column":3}},"line":101},"5":{"name":"checkLockStatus","decl":{"start":{"line":135,"column":2},"end":{"line":135,"column":17}},"loc":{"start":{"line":135,"column":28},"end":{"line":167,"column":3}},"line":135},"6":{"name":"_getSessionId","decl":{"start":{"line":170,"column":2},"end":{"line":170,"column":15}},"loc":{"start":{"line":170,"column":18},"end":{"line":181,"column":3}},"line":170},"7":{"name":"getSessionId","decl":{"start":{"line":184,"column":2},"end":{"line":184,"column":14}},"loc":{"start":{"line":184,"column":17},"end":{"line":186,"column":3}},"line":184},"8":{"name":"releaseAllLocks","decl":{"start":{"line":189,"column":2},"end":{"line":189,"column":17}},"loc":{"start":{"line":189,"column":20},"end":{"line":209,"column":3}},"line":189},"9":{"name":"(anonymous_9)","decl":{"start":{"line":192,"column":35},"end":{"line":192,"column":38}},"loc":{"start":{"line":192,"column":42},"end":{"line":192,"column":73}},"line":192},"10":{"name":"(anonymous_10)","decl":{"start":{"line":194,"column":23},"end":{"line":194,"column":26}},"loc":{"start":{"line":194,"column":30},"end":{"line":196,"column":7}},"line":194}},"branchMap":{"0":{"loc":{"start":{"line":7,"column":11},"end":{"line":7,"column":30}},"type":"default-arg","locations":[{"start":{"line":7,"column":26},"end":{"line":7,"column":30}}],"line":7},"1":{"loc":{"start":{"line":10,"column":13},"end":{"line":10,"column":51}},"type":"cond-expr","locations":[{"start":{"line":10,"column":20},"end":{"line":10,"column":36}},{"start":{"line":10,"column":39},"end":{"line":10,"column":51}}],"line":10},"2":{"loc":{"start":{"line":25,"column":6},"end":{"line":31,"column":7}},"type":"if","locations":[{"start":{"line":25,"column":6},"end":{"line":31,"column":7}},{"start":{},"end":{}}],"line":25},"3":{"loc":{"start":{"line":35,"column":15},"end":{"line":35,"column":41}},"type":"binary-expr","locations":[{"start":{"line":35,"column":15},"end":{"line":35,"column":23}},{"start":{"line":35,"column":27},"end":{"line":35,"column":41}}],"line":35},"4":{"loc":{"start":{"line":59,"column":6},"end":{"line":75,"column":7}},"type":"if","locations":[{"start":{"line":59,"column":6},"end":{"line":75,"column":7}},{"start":{},"end":{}}],"line":59},"5":{"loc":{"start":{"line":64,"column":8},"end":{"line":74,"column":9}},"type":"if","locations":[{"start":{"line":64,"column":8},"end":{"line":74,"column":9}},{"start":{"line":71,"column":15},"end":{"line":74,"column":9}}],"line":64},"6":{"loc":{"start":{"line":107,"column":6},"end":{"line":123,"column":7}},"type":"if","locations":[{"start":{"line":107,"column":6},"end":{"line":123,"column":7}},{"start":{},"end":{}}],"line":107},"7":{"loc":{"start":{"line":112,"column":8},"end":{"line":122,"column":9}},"type":"if","locations":[{"start":{"line":112,"column":8},"end":{"line":122,"column":9}},{"start":{"line":115,"column":15},"end":{"line":122,"column":9}}],"line":112},"8":{"loc":{"start":{"line":142,"column":6},"end":{"line":144,"column":7}},"type":"if","locations":[{"start":{"line":142,"column":6},"end":{"line":144,"column":7}},{"start":{},"end":{}}],"line":142},"9":{"loc":{"start":{"line":149,"column":6},"end":{"line":155,"column":7}},"type":"if","locations":[{"start":{"line":149,"column":6},"end":{"line":155,"column":7}},{"start":{},"end":{}}],"line":149},"10":{"loc":{"start":{"line":174,"column":4},"end":{"line":178,"column":5}},"type":"if","locations":[{"start":{"line":174,"column":4},"end":{"line":178,"column":5}},{"start":{},"end":{}}],"line":174}},"s":{"0":4,"1":4,"2":4,"3":23,"4":23,"5":23,"6":0,"7":0,"8":2,"9":2,"10":2,"11":0,"12":0,"13":0,"14":0,"15":1,"16":1,"17":1,"18":0,"19":0,"20":41,"21":41,"22":41,"23":41,"24":41,"25":9,"26":9,"27":9,"28":7,"29":7,"30":2,"31":34,"32":34,"33":34,"34":34,"35":0,"36":0,"37":26,"38":26,"39":26,"40":26,"41":25,"42":25,"43":25,"44":24,"45":24,"46":1,"47":1,"48":1,"49":0,"50":0,"51":12,"52":12,"53":12,"54":12,"55":12,"56":7,"57":5,"58":5,"59":5,"60":1,"61":4,"62":0,"63":0,"64":70,"65":70,"66":70,"67":25,"68":25,"69":70,"70":11,"71":2,"72":2,"73":2,"74":3,"75":2,"76":3,"77":2,"78":0,"79":0},"f":{"0":23,"1":2,"2":1,"3":41,"4":26,"5":12,"6":70,"7":11,"8":2,"9":3,"10":3},"b":{"0":[23],"1":[13,10],"2":[0,0],"3":[0,0],"4":[9,32],"5":[7,2],"6":[25,1],"7":[24,1],"8":[7,5],"9":[1,4],"10":[25,45]},"meta":{"lastBranch":11,"lastFunction":11,"lastStatement":80,"seen":{"s:3:24:3:39":0,"s:4:21:4:26":1,"s:6:16:210:1":2,"f:7:2:7:5":0,"b:7:26:7:30":0,"s:8:4:14:5":3,"s:9:19:9:44":4,"s:10:6:10:52":5,"b:10:20:10:36:10:39:10:51":1,"s:12:6:12:72":6,"s:13:6:13:26":7,"f:17:2:17:5":1,"s:18:4:38:5":8,"s:19:6:19:55":9,"s:20:6:20:31":10,"s:22:6:22:70":11,"b:25:6:31:7:undefined:undefined:undefined:undefined":2,"s:25:6:31:7":12,"s:26:8:30:10":13,"s:33:6:37:8":14,"b:35:15:35:23:35:27:35:41":3,"f:41:2:41:8":2,"s:42:4:48:5":15,"s:43:6:43:35":16,"s:44:6:44:18":17,"s:46:6:46:73":18,"s:47:6:47:19":19,"f:52:2:52:13":3,"s:53:20:53:51":20,"s:54:16:54:26":21,"s:56:4:98:5":22,"s:57:27:57:56":23,"b:59:6:75:7:undefined:undefined:undefined:undefined":4,"s:59:6:75:7":24,"s:60:25:60:49":25,"s:61:24:61:48":26,"b:64:8:74:9:71:15:74:9":5,"s:64:8:74:9":27,"s:65:10:65:74":28,"s:66:10:70:12":29,"s:72:10:72:87":30,"s:78:24:78:44":31,"s:79:23:83:7":32,"s:85:6:85:62":33,"s:87:6:91:8":34,"s:93:6:93:66":35,"s:94:6:97:8":36,"f:101:2:101:13":4,"s:102:20:102:51":37,"s:104:4:132:5":38,"s:105:27:105:56":39,"b:107:6:123:7:undefined:undefined:undefined:undefined":6,"s:107:6:123:7":40,"s:108:25:108:49":41,"s:109:33:109:53":42,"b:112:8:122:9:115:15:122:9":7,"s:112:8:122:9":43,"s:113:10:113:43":44,"s:114:10:114:36":45,"s:116:10:116:91":46,"s:117:10:121:12":47,"s:125:6:125:51":48,"s:127:6:127:66":49,"s:128:6:131:8":50,"f:135:2:135:17":5,"s:136:20:136:51":51,"s:137:16:137:26":52,"s:139:4:166:5":53,"s:140:27:140:56":54,"b:142:6:144:7:undefined:undefined:undefined:undefined":8,"s:142:6:144:7":55,"s:143:8:143:33":56,"s:146:23:146:47":57,"s:147:22:147:46":58,"b:149:6:155:7:undefined:undefined:undefined:undefined":9,"s:149:6:155:7":59,"s:150:8:154:10":60,"s:157:6:162:8":61,"s:164:6:164:72":62,"s:165:6:165:51":63,"f:170:2:170:15":6,"s:171:23:171:43":64,"s:172:20:172:54":65,"b:174:4:178:5:undefined:undefined:undefined:undefined":10,"s:174:4:178:5":66,"s:176:6:176:94":67,"s:177:6:177:52":68,"s:180:4:180:21":69,"f:184:2:184:14":7,"s:185:4:185:32":70,"f:189:2:189:17":8,"s:190:4:208:5":71,"s:191:19:191:44":72,"s:192:23:192:74":73,"f:192:35:192:38":9,"s:192:42:192:73":74,"s:194:6:196:9":75,"f:194:23:194:26":10,"s:195:8:195:37":76,"s:198:6:201:8":77,"s:203:6:203:55":78,"s:204:6:207:8":79},"fnNames":{}}}
,"F:\\Downloads\\Kalinga\\kalinga\\client\\src\\services\\storageMonitor.js": {"path":"F:\\Downloads\\Kalinga\\kalinga\\client\\src\\services\\storageMonitor.js","statementMap":{"0":{"start":{"line":6,"column":34},"end":{"line":6,"column":37}},"1":{"start":{"line":7,"column":24},"end":{"line":7,"column":39}},"2":{"start":{"line":14,"column":2},"end":{"line":58,"column":3}},"3":{"start":{"line":15,"column":20},"end":{"line":15,"column":21}},"4":{"start":{"line":18,"column":4},"end":{"line":26,"column":5}},"5":{"start":{"line":19,"column":6},"end":{"line":25,"column":7}},"6":{"start":{"line":20,"column":22},"end":{"line":20,"column":47}},"7":{"start":{"line":21,"column":8},"end":{"line":24,"column":9}},"8":{"start":{"line":23,"column":10},"end":{"line":23,"column":55}},"9":{"start":{"line":29,"column":27},"end":{"line":29,"column":42}},"10":{"start":{"line":30,"column":24},"end":{"line":30,"column":50}},"11":{"start":{"line":31,"column":24},"end":{"line":31,"column":63}},"12":{"start":{"line":33,"column":4},"end":{"line":43,"column":6}},"13":{"start":{"line":45,"column":4},"end":{"line":45,"column":59}},"14":{"start":{"line":46,"column":4},"end":{"line":57,"column":6}},"15":{"start":{"line":66,"column":2},"end":{"line":99,"column":3}},"16":{"start":{"line":67,"column":18},"end":{"line":67,"column":20}},"17":{"start":{"line":68,"column":20},"end":{"line":68,"column":21}},"18":{"start":{"line":70,"column":4},"end":{"line":84,"column":5}},"19":{"start":{"line":71,"column":6},"end":{"line":83,"column":7}},"20":{"start":{"line":72,"column":22},"end":{"line":72,"column":47}},"21":{"start":{"line":73,"column":8},"end":{"line":82,"column":9}},"22":{"start":{"line":74,"column":23},"end":{"line":74,"column":54}},"23":{"start":{"line":75,"column":10},"end":{"line":75,"column":28}},"24":{"start":{"line":76,"column":10},"end":{"line":81,"column":13}},"25":{"start":{"line":87,"column":4},"end":{"line":90,"column":7}},"26":{"start":{"line":88,"column":6},"end":{"line":88,"column":74}},"27":{"start":{"line":89,"column":6},"end":{"line":89,"column":66}},"28":{"start":{"line":93,"column":4},"end":{"line":93,"column":42}},"29":{"start":{"line":93,"column":25},"end":{"line":93,"column":40}},"30":{"start":{"line":95,"column":4},"end":{"line":95,"column":17}},"31":{"start":{"line":97,"column":4},"end":{"line":97,"column":59}},"32":{"start":{"line":98,"column":4},"end":{"line":98,"column":14}},"33":{"start":{"line":109,"column":2},"end":{"line":131,"column":3}},"34":{"start":{"line":110,"column":18},"end":{"line":110,"column":35}},"35":{"start":{"line":111,"column":26},"end":{"line":111,"column":118}},"36":{"start":{"line":112,"column":24},"end":{"line":112,"column":66}},"37":{"start":{"line":114,"column":4},"end":{"line":120,"column":6}},"38":{"start":{"line":122,"column":4},"end":{"line":122,"column":63}},"39":{"start":{"line":123,"column":4},"end":{"line":130,"column":6}},"40":{"start":{"line":140,"column":2},"end":{"line":140,"column":27}},"41":{"start":{"line":140,"column":14},"end":{"line":140,"column":27}},"42":{"start":{"line":142,"column":2},"end":{"line":147,"column":4}},"43":{"start":{"line":156,"column":2},"end":{"line":227,"column":3}},"44":{"start":{"line":157,"column":24},"end":{"line":157,"column":41}},"45":{"start":{"line":158,"column":21},"end":{"line":158,"column":22}},"46":{"start":{"line":165,"column":28},"end":{"line":165,"column":51}},"47":{"start":{"line":166,"column":26},"end":{"line":166,"column":63}},"48":{"start":{"line":167,"column":4},"end":{"line":178,"column":5}},"49":{"start":{"line":168,"column":6},"end":{"line":177,"column":7}},"50":{"start":{"line":169,"column":27},"end":{"line":169,"column":52}},"51":{"start":{"line":170,"column":8},"end":{"line":174,"column":9}},"52":{"start":{"line":172,"column":25},"end":{"line":172,"column":46}},"53":{"start":{"line":173,"column":10},"end":{"line":173,"column":72}},"54":{"start":{"line":176,"column":8},"end":{"line":176,"column":59}},"55":{"start":{"line":181,"column":24},"end":{"line":181,"column":26}},"56":{"start":{"line":182,"column":4},"end":{"line":192,"column":5}},"57":{"start":{"line":183,"column":6},"end":{"line":191,"column":7}},"58":{"start":{"line":185,"column":8},"end":{"line":190,"column":9}},"59":{"start":{"line":189,"column":10},"end":{"line":189,"column":32}},"60":{"start":{"line":194,"column":4},"end":{"line":200,"column":7}},"61":{"start":{"line":195,"column":6},"end":{"line":199,"column":7}},"62":{"start":{"line":196,"column":8},"end":{"line":196,"column":37}},"63":{"start":{"line":198,"column":8},"end":{"line":198,"column":54}},"64":{"start":{"line":202,"column":23},"end":{"line":202,"column":40}},"65":{"start":{"line":203,"column":4},"end":{"line":203,"column":52}},"66":{"start":{"line":205,"column":4},"end":{"line":216,"column":6}},"67":{"start":{"line":218,"column":4},"end":{"line":218,"column":56}},"68":{"start":{"line":219,"column":4},"end":{"line":226,"column":6}},"69":{"start":{"line":235,"column":2},"end":{"line":280,"column":3}},"70":{"start":{"line":236,"column":24},"end":{"line":236,"column":41}},"71":{"start":{"line":237,"column":25},"end":{"line":237,"column":27}},"72":{"start":{"line":240,"column":4},"end":{"line":246,"column":5}},"73":{"start":{"line":241,"column":6},"end":{"line":245,"column":7}},"74":{"start":{"line":242,"column":8},"end":{"line":244,"column":9}},"75":{"start":{"line":243,"column":10},"end":{"line":243,"column":33}},"76":{"start":{"line":249,"column":4},"end":{"line":255,"column":7}},"77":{"start":{"line":250,"column":6},"end":{"line":254,"column":7}},"78":{"start":{"line":251,"column":8},"end":{"line":251,"column":37}},"79":{"start":{"line":253,"column":8},"end":{"line":253,"column":54}},"80":{"start":{"line":257,"column":23},"end":{"line":257,"column":40}},"81":{"start":{"line":258,"column":23},"end":{"line":258,"column":57}},"82":{"start":{"line":260,"column":4},"end":{"line":269,"column":6}},"83":{"start":{"line":271,"column":4},"end":{"line":271,"column":59}},"84":{"start":{"line":272,"column":4},"end":{"line":279,"column":6}},"85":{"start":{"line":291,"column":2},"end":{"line":341,"column":3}},"86":{"start":{"line":292,"column":24},"end":{"line":292,"column":81}},"87":{"start":{"line":295,"column":25},"end":{"line":295,"column":67}},"88":{"start":{"line":296,"column":4},"end":{"line":309,"column":5}},"89":{"start":{"line":297,"column":22},"end":{"line":297,"column":147}},"90":{"start":{"line":299,"column":6},"end":{"line":301,"column":7}},"91":{"start":{"line":300,"column":8},"end":{"line":300,"column":47}},"92":{"start":{"line":303,"column":6},"end":{"line":308,"column":8}},"93":{"start":{"line":312,"column":4},"end":{"line":312,"column":43}},"94":{"start":{"line":314,"column":4},"end":{"line":318,"column":6}},"95":{"start":{"line":320,"column":4},"end":{"line":334,"column":5}},"96":{"start":{"line":321,"column":20},"end":{"line":321,"column":37}},"97":{"start":{"line":322,"column":22},"end":{"line":322,"column":134}},"98":{"start":{"line":324,"column":6},"end":{"line":326,"column":7}},"99":{"start":{"line":325,"column":8},"end":{"line":325,"column":40}},"100":{"start":{"line":328,"column":6},"end":{"line":333,"column":8}},"101":{"start":{"line":336,"column":4},"end":{"line":340,"column":6}}},"fnMap":{"0":{"name":"getStorageUsage","decl":{"start":{"line":13,"column":16},"end":{"line":13,"column":31}},"loc":{"start":{"line":13,"column":34},"end":{"line":59,"column":1}},"line":13},"1":{"name":"getStorageBreakdown","decl":{"start":{"line":65,"column":16},"end":{"line":65,"column":35}},"loc":{"start":{"line":65,"column":38},"end":{"line":100,"column":1}},"line":65},"2":{"name":"(anonymous_2)","decl":{"start":{"line":87,"column":18},"end":{"line":87,"column":22}},"loc":{"start":{"line":87,"column":26},"end":{"line":90,"column":5}},"line":87},"3":{"name":"(anonymous_3)","decl":{"start":{"line":93,"column":15},"end":{"line":93,"column":16}},"loc":{"start":{"line":93,"column":25},"end":{"line":93,"column":40}},"line":93},"4":{"name":"checkStorageAvailability","decl":{"start":{"line":108,"column":16},"end":{"line":108,"column":40}},"loc":{"start":{"line":108,"column":53},"end":{"line":132,"column":1}},"line":108},"5":{"name":"isQuotaExceededError","decl":{"start":{"line":139,"column":16},"end":{"line":139,"column":36}},"loc":{"start":{"line":139,"column":44},"end":{"line":148,"column":1}},"line":139},"6":{"name":"clearUploadedData","decl":{"start":{"line":155,"column":16},"end":{"line":155,"column":33}},"loc":{"start":{"line":155,"column":36},"end":{"line":228,"column":1}},"line":155},"7":{"name":"(anonymous_7)","decl":{"start":{"line":194,"column":24},"end":{"line":194,"column":27}},"loc":{"start":{"line":194,"column":31},"end":{"line":200,"column":5}},"line":194},"8":{"name":"clearAllKalingaData","decl":{"start":{"line":234,"column":16},"end":{"line":234,"column":35}},"loc":{"start":{"line":234,"column":38},"end":{"line":281,"column":1}},"line":234},"9":{"name":"(anonymous_9)","decl":{"start":{"line":249,"column":25},"end":{"line":249,"column":28}},"loc":{"start":{"line":249,"column":32},"end":{"line":255,"column":5}},"line":249},"10":{"name":"safeSetItem","decl":{"start":{"line":290,"column":16},"end":{"line":290,"column":27}},"loc":{"start":{"line":290,"column":64},"end":{"line":342,"column":1}},"line":290}},"branchMap":{"0":{"loc":{"start":{"line":19,"column":6},"end":{"line":25,"column":7}},"type":"if","locations":[{"start":{"line":19,"column":6},"end":{"line":25,"column":7}},{"start":{},"end":{}}],"line":19},"1":{"loc":{"start":{"line":21,"column":8},"end":{"line":24,"column":9}},"type":"if","locations":[{"start":{"line":21,"column":8},"end":{"line":24,"column":9}},{"start":{},"end":{}}],"line":21},"2":{"loc":{"start":{"line":71,"column":6},"end":{"line":83,"column":7}},"type":"if","locations":[{"start":{"line":71,"column":6},"end":{"line":83,"column":7}},{"start":{},"end":{}}],"line":71},"3":{"loc":{"start":{"line":73,"column":8},"end":{"line":82,"column":9}},"type":"if","locations":[{"start":{"line":73,"column":8},"end":{"line":82,"column":9}},{"start":{},"end":{}}],"line":73},"4":{"loc":{"start":{"line":88,"column":24},"end":{"line":88,"column":73}},"type":"cond-expr","locations":[{"start":{"line":88,"column":40},"end":{"line":88,"column":69}},{"start":{"line":88,"column":72},"end":{"line":88,"column":73}}],"line":88},"5":{"loc":{"start":{"line":111,"column":41},"end":{"line":111,"column":112}},"type":"cond-expr","locations":[{"start":{"line":111,"column":69},"end":{"line":111,"column":81}},{"start":{"line":111,"column":84},"end":{"line":111,"column":112}}],"line":111},"6":{"loc":{"start":{"line":140,"column":2},"end":{"line":140,"column":27}},"type":"if","locations":[{"start":{"line":140,"column":2},"end":{"line":140,"column":27}},{"start":{},"end":{}}],"line":140},"7":{"loc":{"start":{"line":143,"column":4},"end":{"line":146,"column":23}},"type":"binary-expr","locations":[{"start":{"line":143,"column":4},"end":{"line":143,"column":39}},{"start":{"line":144,"column":4},"end":{"line":144,"column":47}},{"start":{"line":145,"column":4},"end":{"line":145,"column":21}},{"start":{"line":146,"column":4},"end":{"line":146,"column":23}}],"line":143},"8":{"loc":{"start":{"line":167,"column":4},"end":{"line":178,"column":5}},"type":"if","locations":[{"start":{"line":167,"column":4},"end":{"line":178,"column":5}},{"start":{},"end":{}}],"line":167},"9":{"loc":{"start":{"line":170,"column":8},"end":{"line":174,"column":9}},"type":"if","locations":[{"start":{"line":170,"column":8},"end":{"line":174,"column":9}},{"start":{},"end":{}}],"line":170},"10":{"loc":{"start":{"line":170,"column":12},"end":{"line":170,"column":63}},"type":"binary-expr","locations":[{"start":{"line":170,"column":12},"end":{"line":170,"column":37}},{"start":{"line":170,"column":41},"end":{"line":170,"column":63}}],"line":170},"11":{"loc":{"start":{"line":183,"column":6},"end":{"line":191,"column":7}},"type":"if","locations":[{"start":{"line":183,"column":6},"end":{"line":191,"column":7}},{"start":{},"end":{}}],"line":183},"12":{"loc":{"start":{"line":185,"column":8},"end":{"line":190,"column":9}},"type":"if","locations":[{"start":{"line":185,"column":8},"end":{"line":190,"column":9}},{"start":{},"end":{}}],"line":185},"13":{"loc":{"start":{"line":185,"column":12},"end":{"line":188,"column":36}},"type":"binary-expr","locations":[{"start":{"line":185,"column":12},"end":{"line":185,"column":35}},{"start":{"line":186,"column":12},"end":{"line":186,"column":36}},{"start":{"line":187,"column":12},"end":{"line":187,"column":33}},{"start":{"line":188,"column":12},"end":{"line":188,"column":36}}],"line":185},"14":{"loc":{"start":{"line":210,"column":15},"end":{"line":212,"column":63}},"type":"cond-expr","locations":[{"start":{"line":211,"column":10},"end":{"line":211,"column":71}},{"start":{"line":212,"column":10},"end":{"line":212,"column":63}}],"line":210},"15":{"loc":{"start":{"line":241,"column":6},"end":{"line":245,"column":7}},"type":"if","locations":[{"start":{"line":241,"column":6},"end":{"line":245,"column":7}},{"start":{},"end":{}}],"line":241},"16":{"loc":{"start":{"line":242,"column":8},"end":{"line":244,"column":9}},"type":"if","locations":[{"start":{"line":242,"column":8},"end":{"line":244,"column":9}},{"start":{},"end":{}}],"line":242},"17":{"loc":{"start":{"line":242,"column":12},"end":{"line":242,"column":66}},"type":"binary-expr","locations":[{"start":{"line":242,"column":12},"end":{"line":242,"column":38}},{"start":{"line":242,"column":42},"end":{"line":242,"column":66}}],"line":242},"18":{"loc":{"start":{"line":290,"column":40},"end":{"line":290,"column":62}},"type":"default-arg","locations":[{"start":{"line":290,"column":58},"end":{"line":290,"column":62}}],"line":290},"19":{"loc":{"start":{"line":292,"column":24},"end":{"line":292,"column":81}},"type":"cond-expr","locations":[{"start":{"line":292,"column":52},"end":{"line":292,"column":57}},{"start":{"line":292,"column":60},"end":{"line":292,"column":81}}],"line":292},"20":{"loc":{"start":{"line":296,"column":4},"end":{"line":309,"column":5}},"type":"if","locations":[{"start":{"line":296,"column":4},"end":{"line":309,"column":5}},{"start":{},"end":{}}],"line":296},"21":{"loc":{"start":{"line":299,"column":6},"end":{"line":301,"column":7}},"type":"if","locations":[{"start":{"line":299,"column":6},"end":{"line":301,"column":7}},{"start":{},"end":{}}],"line":299},"22":{"loc":{"start":{"line":320,"column":4},"end":{"line":334,"column":5}},"type":"if","locations":[{"start":{"line":320,"column":4},"end":{"line":334,"column":5}},{"start":{},"end":{}}],"line":320},"23":{"loc":{"start":{"line":324,"column":6},"end":{"line":326,"column":7}},"type":"if","locations":[{"start":{"line":324,"column":6},"end":{"line":326,"column":7}},{"start":{},"end":{}}],"line":324},"24":{"loc":{"start":{"line":338,"column":13},"end":{"line":338,"column":39}},"type":"binary-expr","locations":[{"start":{"line":338,"column":13},"end":{"line":338,"column":21}},{"start":{"line":338,"column":25},"end":{"line":338,"column":39}}],"line":338}},"s":{"0":5,"1":5,"2":35,"3":35,"4":35,"5":245,"6":35,"7":35,"8":35,"9":35,"10":35,"11":35,"12":35,"13":0,"14":0,"15":3,"16":3,"17":3,"18":3,"19":24,"20":6,"21":6,"22":6,"23":6,"24":6,"25":3,"26":6,"27":6,"28":3,"29":8,"30":3,"31":0,"32":0,"33":20,"34":20,"35":20,"36":20,"37":20,"38":0,"39":0,"40":6,"41":2,"42":4,"43":3,"44":3,"45":3,"46":3,"47":3,"48":3,"49":1,"50":1,"51":1,"52":1,"53":1,"54":0,"55":3,"56":3,"57":24,"58":6,"59":3,"60":3,"61":3,"62":3,"63":0,"64":3,"65":3,"66":3,"67":0,"68":0,"69":3,"70":3,"71":3,"72":3,"73":24,"74":6,"75":5,"76":3,"77":5,"78":5,"79":0,"80":3,"81":3,"82":3,"83":0,"84":0,"85":17,"86":17,"87":17,"88":17,"89":1,"90":1,"91":1,"92":1,"93":16,"94":16,"95":0,"96":0,"97":0,"98":0,"99":0,"100":0,"101":0},"f":{"0":35,"1":3,"2":6,"3":8,"4":20,"5":6,"6":3,"7":3,"8":3,"9":5,"10":17},"b":{"0":[35,210],"1":[35,0],"2":[6,18],"3":[6,0],"4":[6,0],"5":[19,1],"6":[2,4],"7":[4,3,2,1],"8":[1,2],"9":[1,0],"10":[1,1],"11":[6,18],"12":[3,3],"13":[6,4,3,3],"14":[3,0],"15":[6,18],"16":[5,1],"17":[6,2],"18":[17],"19":[2,15],"20":[1,16],"21":[1,0],"22":[0,0],"23":[0,0],"24":[0,0]},"meta":{"lastBranch":25,"lastFunction":11,"lastStatement":102,"seen":{"s:6:34:6:37":0,"s:7:24:7:39":1,"f:13:16:13:31":0,"s:14:2:58:3":2,"s:15:20:15:21":3,"s:18:4:26:5":4,"b:19:6:25:7:undefined:undefined:undefined:undefined":0,"s:19:6:25:7":5,"s:20:22:20:47":6,"b:21:8:24:9:undefined:undefined:undefined:undefined":1,"s:21:8:24:9":7,"s:23:10:23:55":8,"s:29:27:29:42":9,"s:30:24:30:50":10,"s:31:24:31:63":11,"s:33:4:43:6":12,"s:45:4:45:59":13,"s:46:4:57:6":14,"f:65:16:65:35":1,"s:66:2:99:3":15,"s:67:18:67:20":16,"s:68:20:68:21":17,"s:70:4:84:5":18,"b:71:6:83:7:undefined:undefined:undefined:undefined":2,"s:71:6:83:7":19,"s:72:22:72:47":20,"b:73:8:82:9:undefined:undefined:undefined:undefined":3,"s:73:8:82:9":21,"s:74:23:74:54":22,"s:75:10:75:28":23,"s:76:10:81:13":24,"s:87:4:90:7":25,"f:87:18:87:22":2,"s:88:6:88:74":26,"b:88:40:88:69:88:72:88:73":4,"s:89:6:89:66":27,"s:93:4:93:42":28,"f:93:15:93:16":3,"s:93:25:93:40":29,"s:95:4:95:17":30,"s:97:4:97:59":31,"s:98:4:98:14":32,"f:108:16:108:40":4,"s:109:2:131:3":33,"s:110:18:110:35":34,"s:111:26:111:118":35,"b:111:69:111:81:111:84:111:112":5,"s:112:24:112:66":36,"s:114:4:120:6":37,"s:122:4:122:63":38,"s:123:4:130:6":39,"f:139:16:139:36":5,"b:140:2:140:27:undefined:undefined:undefined:undefined":6,"s:140:2:140:27":40,"s:140:14:140:27":41,"s:142:2:147:4":42,"b:143:4:143:39:144:4:144:47:145:4:145:21:146:4:146:23":7,"f:155:16:155:33":6,"s:156:2:227:3":43,"s:157:24:157:41":44,"s:158:21:158:22":45,"s:165:28:165:51":46,"s:166:26:166:63":47,"b:167:4:178:5:undefined:undefined:undefined:undefined":8,"s:167:4:178:5":48,"s:168:6:177:7":49,"s:169:27:169:52":50,"b:170:8:174:9:undefined:undefined:undefined:undefined":9,"s:170:8:174:9":51,"b:170:12:170:37:170:41:170:63":10,"s:172:25:172:46":52,"s:173:10:173:72":53,"s:176:8:176:59":54,"s:181:24:181:26":55,"s:182:4:192:5":56,"b:183:6:191:7:undefined:undefined:undefined:undefined":11,"s:183:6:191:7":57,"b:185:8:190:9:undefined:undefined:undefined:undefined":12,"s:185:8:190:9":58,"b:185:12:185:35:186:12:186:36:187:12:187:33:188:12:188:36":13,"s:189:10:189:32":59,"s:194:4:200:7":60,"f:194:24:194:27":7,"s:195:6:199:7":61,"s:196:8:196:37":62,"s:198:8:198:54":63,"s:202:23:202:40":64,"s:203:4:203:52":65,"s:205:4:216:6":66,"b:211:10:211:71:212:10:212:63":14,"s:218:4:218:56":67,"s:219:4:226:6":68,"f:234:16:234:35":8,"s:235:2:280:3":69,"s:236:24:236:41":70,"s:237:25:237:27":71,"s:240:4:246:5":72,"b:241:6:245:7:undefined:undefined:undefined:undefined":15,"s:241:6:245:7":73,"b:242:8:244:9:undefined:undefined:undefined:undefined":16,"s:242:8:244:9":74,"b:242:12:242:38:242:42:242:66":17,"s:243:10:243:33":75,"s:249:4:255:7":76,"f:249:25:249:28":9,"s:250:6:254:7":77,"s:251:8:251:37":78,"s:253:8:253:54":79,"s:257:23:257:40":80,"s:258:23:258:57":81,"s:260:4:269:6":82,"s:271:4:271:59":83,"s:272:4:279:6":84,"f:290:16:290:27":10,"b:290:58:290:62":18,"s:291:2:341:3":85,"s:292:24:292:81":86,"b:292:52:292:57:292:60:292:81":19,"s:295:25:295:67":87,"b:296:4:309:5:undefined:undefined:undefined:undefined":20,"s:296:4:309:5":88,"s:297:22:297:147":89,"b:299:6:301:7:undefined:undefined:undefined:undefined":21,"s:299:6:301:7":90,"s:300:8:300:47":91,"s:303:6:308:8":92,"s:312:4:312:43":93,"s:314:4:318:6":94,"b:320:4:334:5:undefined:undefined:undefined:undefined":22,"s:320:4:334:5":95,"s:321:20:321:37":96,"s:322:22:322:134":97,"b:324:6:326:7:undefined:undefined:undefined:undefined":23,"s:324:6:326:7":98,"s:325:8:325:40":99,"s:328:6:333:8":100,"s:336:4:340:6":101,"b:338:13:338:21:338:25:338:39":24},"fnNames":{}}}
,"F:\\Downloads\\Kalinga\\kalinga\\client\\src\\utils\\bmiCalculator.js": {"path":"F:\\Downloads\\Kalinga\\kalinga\\client\\src\\utils\\bmiCalculator.js","statementMap":{"0":{"start":{"line":16,"column":18},"end":{"line":16,"column":32}},"1":{"start":{"line":17,"column":14},"end":{"line":17,"column":44}},"2":{"start":{"line":18,"column":2},"end":{"line":18,"column":36}}},"fnMap":{"0":{"name":"calculateBMI","decl":{"start":{"line":15,"column":16},"end":{"line":15,"column":28}},"loc":{"start":{"line":15,"column":49},"end":{"line":19,"column":1}},"line":15}},"branchMap":{},"s":{"0":1669,"1":1669,"2":1669},"f":{"0":1669},"b":{},"meta":{"lastBranch":0,"lastFunction":1,"lastStatement":3,"seen":{"f:15:16:15:28":0,"s:16:18:16:32":0,"s:17:14:17:44":1,"s:18:2:18:36":2},"fnNames":{}}}
}
