TN:
SF:src\services\aiService.js
FN:4,calculateRiskLocally
FN:49,classify
FNF:2
FNH:2
FNDA:27,calculateRiskLocally
FNDA:6,classify
DA:5,27
DA:8,27
DA:9,25
DA:10,25
DA:11,25
DA:13,25
DA:14,4
DA:15,21
DA:16,4
DA:17,17
DA:18,1
DA:23,27
DA:24,27
DA:25,25
DA:26,6
DA:27,19
DA:28,3
DA:33,27
DA:34,27
DA:35,27
DA:36,27
DA:37,27
DA:38,27
DA:39,27
DA:42,27
DA:43,27
DA:45,27
DA:48,1
DA:50,6
DA:51,0
DA:52,0
DA:54,0
DA:59,6
DA:60,6
DA:61,6
DA:68,6
DA:69,6
DA:71,6
DA:72,1
DA:73,1
DA:74,5
DA:75,2
DA:76,2
DA:80,6
DA:81,6
DA:82,2
DA:83,2
DA:84,2
DA:85,2
DA:86,2
DA:87,2
DA:88,2
DA:93,6
DA:95,6
DA:96,6
DA:97,6
DA:98,6
DA:99,3
DA:103,6
DA:104,6
DA:105,2
DA:108,6
DA:109,2
DA:112,6
DA:113,1
DA:116,6
DA:119,6
DA:120,6
DA:121,1
DA:122,5
DA:123,2
DA:126,6
LF:72
LH:69
BRDA:8,0,0,25
BRDA:8,0,1,2
BRDA:8,1,0,27
BRDA:8,1,1,26
BRDA:13,2,0,4
BRDA:13,2,1,21
BRDA:13,3,0,25
BRDA:13,3,1,22
BRDA:15,4,0,4
BRDA:15,4,1,17
BRDA:15,5,0,21
BRDA:15,5,1,17
BRDA:17,6,0,1
BRDA:17,6,1,16
BRDA:17,7,0,17
BRDA:17,7,1,16
BRDA:24,8,0,25
BRDA:24,8,1,2
BRDA:25,9,0,6
BRDA:25,9,1,19
BRDA:27,10,0,3
BRDA:27,10,1,16
BRDA:33,11,0,6
BRDA:33,11,1,21
BRDA:33,12,0,27
BRDA:33,12,1,26
BRDA:34,13,0,4
BRDA:34,13,1,23
BRDA:34,14,0,27
BRDA:34,14,1,26
BRDA:35,15,0,3
BRDA:35,15,1,24
BRDA:35,16,0,27
BRDA:35,16,1,26
BRDA:36,17,0,2
BRDA:36,17,1,25
BRDA:36,18,0,27
BRDA:36,18,1,26
BRDA:37,19,0,2
BRDA:37,19,1,25
BRDA:37,20,0,27
BRDA:37,20,1,26
BRDA:38,21,0,2
BRDA:38,21,1,25
BRDA:38,22,0,27
BRDA:38,22,1,26
BRDA:39,23,0,2
BRDA:39,23,1,25
BRDA:39,24,0,27
BRDA:39,24,1,26
BRDA:42,25,0,1
BRDA:42,25,1,26
BRDA:43,26,0,0
BRDA:43,26,1,27
BRDA:50,27,0,0
BRDA:50,27,1,6
BRDA:59,28,0,6
BRDA:59,28,1,0
BRDA:59,29,0,6
BRDA:59,29,1,0
BRDA:64,30,0,6
BRDA:64,30,1,3
BRDA:65,31,0,6
BRDA:65,31,1,0
BRDA:71,32,0,1
BRDA:71,32,1,5
BRDA:71,33,0,6
BRDA:71,33,1,5
BRDA:74,34,0,2
BRDA:74,34,1,3
BRDA:81,35,0,2
BRDA:81,35,1,4
BRDA:87,36,0,2
BRDA:87,36,1,0
BRDA:87,37,0,2
BRDA:87,37,1,2
BRDA:95,38,0,6
BRDA:95,38,1,0
BRDA:98,39,0,3
BRDA:98,39,1,3
BRDA:104,40,0,2
BRDA:104,40,1,4
BRDA:104,41,0,6
BRDA:104,41,1,6
BRDA:108,42,0,2
BRDA:108,42,1,4
BRDA:112,43,0,1
BRDA:112,43,1,5
BRDA:120,44,0,1
BRDA:120,44,1,5
BRDA:122,45,0,2
BRDA:122,45,1,3
BRDA:132,46,0,1
BRDA:132,46,1,5
BRDA:133,47,0,1
BRDA:133,47,1,5
BRF:96
BRH:89
end_of_record
TN:
SF:src\services\api.js
FN:3,request
FN:21,(anonymous_1)
FN:28,getHealth
FN:32,getPatients
FN:36,registerPatient
FN:43,getScans
FN:47,saveScan
FN:54,getPendingScans
FN:58,getScanById
FN:62,verifyScan
FN:69,classifyScan
FN:76,getNotifications
FN:80,markNotificationRead
FNF:13
FNH:0
FNDA:0,request
FNDA:0,(anonymous_1)
FNDA:0,getHealth
FNDA:0,getPatients
FNDA:0,registerPatient
FNDA:0,getScans
FNDA:0,saveScan
FNDA:0,getPendingScans
FNDA:0,getScanById
FNDA:0,verifyScan
FNDA:0,classifyScan
FNDA:0,getNotifications
FNDA:0,markNotificationRead
DA:1,4
DA:4,0
DA:5,0
DA:10,0
DA:15,0
DA:16,0
DA:19,0
DA:20,0
DA:21,0
DA:22,0
DA:24,0
DA:27,4
DA:29,0
DA:33,0
DA:37,0
DA:44,0
DA:48,0
DA:55,0
DA:59,0
DA:63,0
DA:70,0
DA:77,0
DA:81,0
LF:23
LH:2
BRDA:3,0,0,0
BRDA:15,1,0,0
BRDA:15,1,1,0
BRDA:20,2,0,0
BRDA:20,2,1,0
BRDA:22,3,0,0
BRDA:22,3,1,0
BRF:7
BRH:0
end_of_record
TN:
SF:src\services\notificationService.js
FN:20,constructor
FN:32,startPolling
FN:46,(anonymous_2)
FN:56,stopPolling
FN:71,_fetchAndUpdate
FN:83,(anonymous_5)
FN:105,(anonymous_6)
FN:121,_updateCache
FN:130,(anonymous_8)
FN:144,getCachedNotifications
FN:152,getCachedMetadata
FN:166,markAsRead
FN:175,(anonymous_12)
FN:192,clearCache
FN:202,getStatus
FN:214,fetchNow
FNF:16
FNH:16
FNDA:1,constructor
FNDA:13,startPolling
FNDA:7,(anonymous_2)
FNDA:41,stopPolling
FNDA:20,_fetchAndUpdate
FNDA:9,(anonymous_5)
FNDA:1,(anonymous_6)
FNDA:12,_updateCache
FNDA:9,(anonymous_8)
FNDA:11,getCachedNotifications
FNDA:2,getCachedMetadata
FNDA:3,markAsRead
FNDA:2,(anonymous_12)
FNDA:1,clearCache
FNDA:1,getStatus
FNDA:1,fetchNow
DA:15,1
DA:16,1
DA:17,1
DA:21,1
DA:22,1
DA:23,1
DA:24,1
DA:25,1
DA:33,13
DA:34,1
DA:35,1
DA:38,12
DA:39,12
DA:40,12
DA:43,12
DA:46,12
DA:47,7
DA:50,12
DA:57,41
DA:58,12
DA:59,12
DA:61,41
DA:62,41
DA:63,41
DA:64,41
DA:72,20
DA:73,20
DA:76,12
DA:79,12
DA:82,12
DA:83,11
DA:84,11
DA:91,8
DA:94,8
DA:97,8
DA:98,1
DA:103,8
DA:104,8
DA:105,8
DA:106,8
DA:122,12
DA:124,12
DA:127,12
DA:130,9
DA:132,12
DA:134,12
DA:136,1
DA:145,11
DA:153,2
DA:167,3
DA:169,3
DA:170,2
DA:174,2
DA:175,2
DA:176,2
DA:177,2
DA:178,2
DA:179,2
DA:182,2
DA:184,1
DA:185,1
DA:193,1
DA:194,1
DA:195,1
DA:203,1
DA:215,1
DA:216,1
DA:218,1
DA:223,1
LF:69
LH:69
BRDA:33,0,0,1
BRDA:33,0,1,12
BRDA:57,1,0,12
BRDA:57,1,1,29
BRDA:82,2,0,11
BRDA:82,2,1,1
BRDA:97,3,0,1
BRDA:97,3,1,7
BRDA:103,4,0,8
BRDA:103,4,1,0
BRDA:166,5,0,3
BRDA:169,6,0,2
BRDA:169,6,1,1
BRDA:176,7,0,2
BRDA:176,7,1,0
BRDA:215,8,0,1
BRDA:215,8,1,0
BRF:17
BRH:14
end_of_record
TN:
SF:src\services\offlineQueue.js
FN:9,getQueue
FN:13,enqueue
FN:25,(anonymous_2)
FN:32,(anonymous_3)
FN:49,dequeue
FN:60,(anonymous_5)
FN:69,clearQueue
FN:87,isLocked
FN:93,getLockInfo
FN:113,forceReleaseLock
FN:126,syncQueue
FN:191,(anonymous_11)
FN:215,getFailedUploads
FN:223,retryUpload
FN:235,(anonymous_14)
FN:264,(anonymous_15)
FNF:16
FNH:15
FNDA:40,getQueue
FNDA:14,enqueue
FNDA:5,(anonymous_2)
FNDA:0,(anonymous_3)
FNDA:3,dequeue
FNDA:3,(anonymous_5)
FNDA:2,clearQueue
FNDA:7,isLocked
FNDA:2,getLockInfo
FNDA:1,forceReleaseLock
FNDA:7,syncQueue
FNDA:14,(anonymous_11)
FNDA:2,getFailedUploads
FNDA:4,retryUpload
FNDA:2,(anonymous_14)
FNDA:1,(anonymous_15)
DA:5,2
DA:6,2
DA:8,2
DA:10,40
DA:15,14
DA:17,14
DA:18,1
DA:19,1
DA:22,13
DA:23,13
DA:25,13
DA:26,13
DA:29,13
DA:33,0
DA:34,0
DA:38,13
DA:39,0
DA:42,13
DA:45,13
DA:51,3
DA:53,3
DA:54,1
DA:55,1
DA:58,2
DA:59,2
DA:60,3
DA:61,2
DA:62,2
DA:65,2
DA:71,2
DA:73,2
DA:74,1
DA:75,1
DA:78,1
DA:79,1
DA:82,1
DA:88,7
DA:89,7
DA:94,2
DA:95,2
DA:96,1
DA:102,1
DA:103,1
DA:114,1
DA:115,1
DA:116,1
DA:117,1
DA:119,0
DA:120,0
DA:128,7
DA:130,7
DA:131,1
DA:132,1
DA:139,6
DA:140,6
DA:141,6
DA:142,0
DA:145,6
DA:146,6
DA:147,6
DA:150,6
DA:152,6
DA:153,14
DA:154,14
DA:157,14
DA:158,3
DA:164,14
DA:166,14
DA:167,14
DA:171,14
DA:176,9
DA:178,5
DA:179,5
DA:180,5
DA:190,6
DA:191,14
DA:192,6
DA:194,6
DA:195,3
DA:203,3
DA:210,6
DA:216,2
DA:219,2
DA:224,4
DA:226,4
DA:227,1
DA:233,3
DA:234,3
DA:235,3
DA:237,3
DA:238,1
DA:244,2
DA:245,1
DA:251,2
DA:253,2
DA:254,2
DA:258,2
DA:264,1
DA:265,1
DA:267,1
DA:272,1
DA:273,1
DA:280,3
LF:103
LH:97
BRDA:17,0,0,1
BRDA:17,0,1,13
BRDA:38,1,0,0
BRDA:38,1,1,13
BRDA:39,2,0,0
BRDA:39,2,1,0
BRDA:53,3,0,1
BRDA:53,3,1,2
BRDA:73,4,0,1
BRDA:73,4,1,1
BRDA:95,5,0,1
BRDA:95,5,1,1
BRDA:126,6,0,7
BRDA:130,7,0,1
BRDA:130,7,1,6
BRDA:141,8,0,0
BRDA:141,8,1,6
BRDA:157,9,0,3
BRDA:157,9,1,11
BRDA:159,10,0,3
BRDA:159,10,1,0
BRDA:166,11,0,14
BRDA:166,11,1,0
BRDA:179,12,0,5
BRDA:179,12,1,0
BRDA:183,13,0,5
BRDA:183,13,1,0
BRDA:194,14,0,3
BRDA:194,14,1,3
BRDA:223,15,0,4
BRDA:226,16,0,1
BRDA:226,16,1,3
BRDA:237,17,0,1
BRDA:237,17,1,2
BRDA:244,18,0,1
BRDA:244,18,1,1
BRDA:246,19,0,1
BRDA:246,19,1,0
BRDA:253,20,0,2
BRDA:253,20,1,0
BRDA:275,21,0,1
BRDA:275,21,1,0
BRF:42
BRH:31
end_of_record
TN:
SF:src\services\storage.js
FN:7,get
FN:17,set
FN:41,remove
FN:52,acquireLock
FN:101,releaseLock
FN:135,checkLockStatus
FN:170,_getSessionId
FN:184,getSessionId
FN:189,releaseAllLocks
FN:192,(anonymous_9)
FN:194,(anonymous_10)
FNF:11
FNH:11
FNDA:23,get
FNDA:2,set
FNDA:1,remove
FNDA:41,acquireLock
FNDA:26,releaseLock
FNDA:12,checkLockStatus
FNDA:70,_getSessionId
FNDA:11,getSessionId
FNDA:2,releaseAllLocks
FNDA:3,(anonymous_9)
FNDA:3,(anonymous_10)
DA:3,4
DA:4,4
DA:6,4
DA:8,23
DA:9,23
DA:10,23
DA:12,0
DA:13,0
DA:18,2
DA:19,2
DA:20,2
DA:22,0
DA:25,0
DA:26,0
DA:33,0
DA:42,1
DA:43,1
DA:44,1
DA:46,0
DA:47,0
DA:53,41
DA:54,41
DA:56,41
DA:57,41
DA:59,41
DA:60,9
DA:61,9
DA:64,9
DA:65,7
DA:66,7
DA:72,2
DA:78,34
DA:79,34
DA:85,34
DA:87,34
DA:93,0
DA:94,0
DA:102,26
DA:104,26
DA:105,26
DA:107,26
DA:108,25
DA:109,25
DA:112,25
DA:113,24
DA:114,24
DA:116,1
DA:117,1
DA:125,1
DA:127,0
DA:128,0
DA:136,12
DA:137,12
DA:139,12
DA:140,12
DA:142,12
DA:143,7
DA:146,5
DA:147,5
DA:149,5
DA:150,1
DA:157,4
DA:164,0
DA:165,0
DA:171,70
DA:172,70
DA:174,70
DA:176,25
DA:177,25
DA:180,70
DA:185,11
DA:190,2
DA:191,2
DA:192,3
DA:194,2
DA:195,3
DA:198,2
DA:203,0
DA:204,0
LF:79
LH:63
BRDA:7,0,0,23
BRDA:10,1,0,13
BRDA:10,1,1,10
BRDA:25,2,0,0
BRDA:25,2,1,0
BRDA:35,3,0,0
BRDA:35,3,1,0
BRDA:59,4,0,9
BRDA:59,4,1,32
BRDA:64,5,0,7
BRDA:64,5,1,2
BRDA:107,6,0,25
BRDA:107,6,1,1
BRDA:112,7,0,24
BRDA:112,7,1,1
BRDA:142,8,0,7
BRDA:142,8,1,5
BRDA:149,9,0,1
BRDA:149,9,1,4
BRDA:174,10,0,25
BRDA:174,10,1,45
BRF:21
BRH:17
end_of_record
TN:
SF:src\services\storageMonitor.js
FN:13,getStorageUsage
FN:65,getStorageBreakdown
FN:87,(anonymous_2)
FN:93,(anonymous_3)
FN:108,checkStorageAvailability
FN:139,isQuotaExceededError
FN:155,clearUploadedData
FN:194,(anonymous_7)
FN:234,clearAllKalingaData
FN:249,(anonymous_9)
FN:290,safeSetItem
FNF:11
FNH:11
FNDA:35,getStorageUsage
FNDA:3,getStorageBreakdown
FNDA:6,(anonymous_2)
FNDA:8,(anonymous_3)
FNDA:20,checkStorageAvailability
FNDA:6,isQuotaExceededError
FNDA:3,clearUploadedData
FNDA:3,(anonymous_7)
FNDA:3,clearAllKalingaData
FNDA:5,(anonymous_9)
FNDA:17,safeSetItem
DA:6,5
DA:7,5
DA:14,35
DA:15,35
DA:18,35
DA:19,245
DA:20,35
DA:21,35
DA:23,35
DA:29,35
DA:30,35
DA:31,35
DA:33,35
DA:45,0
DA:46,0
DA:66,3
DA:67,3
DA:68,3
DA:70,3
DA:71,24
DA:72,6
DA:73,6
DA:74,6
DA:75,6
DA:76,6
DA:87,3
DA:88,6
DA:89,6
DA:93,8
DA:95,3
DA:97,0
DA:98,0
DA:109,20
DA:110,20
DA:111,20
DA:112,20
DA:114,20
DA:122,0
DA:123,0
DA:140,6
DA:142,4
DA:156,3
DA:157,3
DA:158,3
DA:165,3
DA:166,3
DA:167,3
DA:168,1
DA:169,1
DA:170,1
DA:172,1
DA:173,1
DA:176,0
DA:181,3
DA:182,3
DA:183,24
DA:185,6
DA:189,3
DA:194,3
DA:195,3
DA:196,3
DA:198,0
DA:202,3
DA:203,3
DA:205,3
DA:218,0
DA:219,0
DA:235,3
DA:236,3
DA:237,3
DA:240,3
DA:241,24
DA:242,6
DA:243,5
DA:249,3
DA:250,5
DA:251,5
DA:253,0
DA:257,3
DA:258,3
DA:260,3
DA:271,0
DA:272,0
DA:291,17
DA:292,17
DA:295,17
DA:296,17
DA:297,1
DA:299,1
DA:300,1
DA:303,1
DA:312,16
DA:314,16
DA:320,0
DA:321,0
DA:322,0
DA:324,0
DA:325,0
DA:328,0
DA:336,0
LF:100
LH:80
BRDA:19,0,0,35
BRDA:19,0,1,210
BRDA:21,1,0,35
BRDA:21,1,1,0
BRDA:71,2,0,6
BRDA:71,2,1,18
BRDA:73,3,0,6
BRDA:73,3,1,0
BRDA:88,4,0,6
BRDA:88,4,1,0
BRDA:111,5,0,19
BRDA:111,5,1,1
BRDA:140,6,0,2
BRDA:140,6,1,4
BRDA:143,7,0,4
BRDA:143,7,1,3
BRDA:143,7,2,2
BRDA:143,7,3,1
BRDA:167,8,0,1
BRDA:167,8,1,2
BRDA:170,9,0,1
BRDA:170,9,1,0
BRDA:170,10,0,1
BRDA:170,10,1,1
BRDA:183,11,0,6
BRDA:183,11,1,18
BRDA:185,12,0,3
BRDA:185,12,1,3
BRDA:185,13,0,6
BRDA:185,13,1,4
BRDA:185,13,2,3
BRDA:185,13,3,3
BRDA:210,14,0,3
BRDA:210,14,1,0
BRDA:241,15,0,6
BRDA:241,15,1,18
BRDA:242,16,0,5
BRDA:242,16,1,1
BRDA:242,17,0,6
BRDA:242,17,1,2
BRDA:290,18,0,17
BRDA:292,19,0,2
BRDA:292,19,1,15
BRDA:296,20,0,1
BRDA:296,20,1,16
BRDA:299,21,0,1
BRDA:299,21,1,0
BRDA:320,22,0,0
BRDA:320,22,1,0
BRDA:324,23,0,0
BRDA:324,23,1,0
BRDA:338,24,0,0
BRDA:338,24,1,0
BRF:53
BRH:41
end_of_record
TN:
SF:src\utils\bmiCalculator.js
FN:15,calculateBMI
FNF:1
FNH:1
FNDA:1669,calculateBMI
DA:16,1669
DA:17,1669
DA:18,1669
LF:3
LH:3
BRF:0
BRH:0
end_of_record
